ERROR - 2024-05-02 07:42:30 --> mysqli_sql_exception: Table 'gestionUe.QUE' doesn't exist in /var/www/UE/system/Database/MySQLi/Connection.php:308
Stack trace:
#0 /var/www/UE/system/Database/MySQLi/Connection.php(308): mysqli->query()
#1 /var/www/UE/system/Database/BaseConnection.php(722): CodeIgniter\Database\MySQLi\Connection->execute()
#2 /var/www/UE/system/Database/BaseConnection.php(636): CodeIgniter\Database\BaseConnection->simpleQuery()
#3 /var/www/UE/system/Database/BaseBuilder.php(1629): CodeIgniter\Database\BaseConnection->query()
#4 /var/www/UE/system/Model.php(275): CodeIgniter\Database\BaseBuilder->get()
#5 /var/www/UE/system/BaseModel.php(676): CodeIgniter\Model->doFindAll()
#6 /var/www/UE/app/Controllers/Back.php(24): CodeIgniter\BaseModel->findAll()
#7 /var/www/UE/system/CodeIgniter.php(933): App\Controllers\Back->index()
#8 /var/www/UE/system/CodeIgniter.php(509): CodeIgniter\CodeIgniter->runController()
#9 /var/www/UE/system/CodeIgniter.php(355): CodeIgniter\CodeIgniter->handleRequest()
#10 /var/www/UE/system/Boot.php(312): CodeIgniter\CodeIgniter->run()
#11 /var/www/UE/system/Boot.php(67): CodeIgniter\Boot::runCodeIgniter()
#12 /var/www/UE/public/index.php(56): CodeIgniter\Boot::bootWeb()
#13 {main}
CRITICAL - 2024-05-02 07:42:30 --> CodeIgniter\Database\Exceptions\DatabaseException: Table 'gestionUe.QUE' doesn't exist
[Method: GET, Route: /]
in SYSTEMPATH/Database/BaseConnection.php on line 676.
 1 SYSTEMPATH/Database/BaseBuilder.php(1629): CodeIgniter\Database\BaseConnection->query()
 2 SYSTEMPATH/Model.php(275): CodeIgniter\Database\BaseBuilder->get()
 3 SYSTEMPATH/BaseModel.php(676): CodeIgniter\Model->doFindAll()
 4 APPPATH/Controllers/Back.php(24): CodeIgniter\BaseModel->findAll()
 5 SYSTEMPATH/CodeIgniter.php(933): App\Controllers\Back->index()
 6 SYSTEMPATH/CodeIgniter.php(509): CodeIgniter\CodeIgniter->runController()
 7 SYSTEMPATH/CodeIgniter.php(355): CodeIgniter\CodeIgniter->handleRequest()
 8 SYSTEMPATH/Boot.php(312): CodeIgniter\CodeIgniter->run()
 9 SYSTEMPATH/Boot.php(67): CodeIgniter\Boot::runCodeIgniter()
10 FCPATH/index.php(56): CodeIgniter\Boot::bootWeb()
CRITICAL - 2024-05-02 07:42:30 --> [Caused by] CodeIgniter\Database\Exceptions\DatabaseException: Table 'gestionUe.QUE' doesn't exist
in SYSTEMPATH/Database/MySQLi/Connection.php on line 313.
 1 SYSTEMPATH/Database/BaseConnection.php(722): CodeIgniter\Database\MySQLi\Connection->execute()
 2 SYSTEMPATH/Database/BaseConnection.php(636): CodeIgniter\Database\BaseConnection->simpleQuery()
 3 SYSTEMPATH/Database/BaseBuilder.php(1629): CodeIgniter\Database\BaseConnection->query()
 4 SYSTEMPATH/Model.php(275): CodeIgniter\Database\BaseBuilder->get()
 5 SYSTEMPATH/BaseModel.php(676): CodeIgniter\Model->doFindAll()
 6 APPPATH/Controllers/Back.php(24): CodeIgniter\BaseModel->findAll()
 7 SYSTEMPATH/CodeIgniter.php(933): App\Controllers\Back->index()
 8 SYSTEMPATH/CodeIgniter.php(509): CodeIgniter\CodeIgniter->runController()
 9 SYSTEMPATH/CodeIgniter.php(355): CodeIgniter\CodeIgniter->handleRequest()
10 SYSTEMPATH/Boot.php(312): CodeIgniter\CodeIgniter->run()
11 SYSTEMPATH/Boot.php(67): CodeIgniter\Boot::runCodeIgniter()
12 FCPATH/index.php(56): CodeIgniter\Boot::bootWeb()
CRITICAL - 2024-05-02 07:42:30 --> [Caused by] mysqli_sql_exception: Table 'gestionUe.QUE' doesn't exist
in SYSTEMPATH/Database/MySQLi/Connection.php on line 308.
 1 SYSTEMPATH/Database/MySQLi/Connection.php(308): mysqli->query()
 2 SYSTEMPATH/Database/BaseConnection.php(722): CodeIgniter\Database\MySQLi\Connection->execute()
 3 SYSTEMPATH/Database/BaseConnection.php(636): CodeIgniter\Database\BaseConnection->simpleQuery()
 4 SYSTEMPATH/Database/BaseBuilder.php(1629): CodeIgniter\Database\BaseConnection->query()
 5 SYSTEMPATH/Model.php(275): CodeIgniter\Database\BaseBuilder->get()
 6 SYSTEMPATH/BaseModel.php(676): CodeIgniter\Model->doFindAll()
 7 APPPATH/Controllers/Back.php(24): CodeIgniter\BaseModel->findAll()
 8 SYSTEMPATH/CodeIgniter.php(933): App\Controllers\Back->index()
 9 SYSTEMPATH/CodeIgniter.php(509): CodeIgniter\CodeIgniter->runController()
10 SYSTEMPATH/CodeIgniter.php(355): CodeIgniter\CodeIgniter->handleRequest()
11 SYSTEMPATH/Boot.php(312): CodeIgniter\CodeIgniter->run()
12 SYSTEMPATH/Boot.php(67): CodeIgniter\Boot::runCodeIgniter()
13 FCPATH/index.php(56): CodeIgniter\Boot::bootWeb()
ERROR - 2024-05-02 07:42:31 --> mysqli_sql_exception: Table 'gestionUe.QUE' doesn't exist in /var/www/UE/system/Database/MySQLi/Connection.php:308
Stack trace:
#0 /var/www/UE/system/Database/MySQLi/Connection.php(308): mysqli->query()
#1 /var/www/UE/system/Database/BaseConnection.php(722): CodeIgniter\Database\MySQLi\Connection->execute()
#2 /var/www/UE/system/Database/BaseConnection.php(636): CodeIgniter\Database\BaseConnection->simpleQuery()
#3 /var/www/UE/system/Database/BaseBuilder.php(1629): CodeIgniter\Database\BaseConnection->query()
#4 /var/www/UE/system/Model.php(275): CodeIgniter\Database\BaseBuilder->get()
#5 /var/www/UE/system/BaseModel.php(676): CodeIgniter\Model->doFindAll()
#6 /var/www/UE/app/Controllers/Back.php(24): CodeIgniter\BaseModel->findAll()
#7 /var/www/UE/system/CodeIgniter.php(933): App\Controllers\Back->index()
#8 /var/www/UE/system/CodeIgniter.php(509): CodeIgniter\CodeIgniter->runController()
#9 /var/www/UE/system/CodeIgniter.php(355): CodeIgniter\CodeIgniter->handleRequest()
#10 /var/www/UE/system/Boot.php(312): CodeIgniter\CodeIgniter->run()
#11 /var/www/UE/system/Boot.php(67): CodeIgniter\Boot::runCodeIgniter()
#12 /var/www/UE/public/index.php(56): CodeIgniter\Boot::bootWeb()
#13 {main}
CRITICAL - 2024-05-02 07:42:31 --> CodeIgniter\Database\Exceptions\DatabaseException: Table 'gestionUe.QUE' doesn't exist
[Method: GET, Route: /]
in SYSTEMPATH/Database/BaseConnection.php on line 676.
 1 SYSTEMPATH/Database/BaseBuilder.php(1629): CodeIgniter\Database\BaseConnection->query()
 2 SYSTEMPATH/Model.php(275): CodeIgniter\Database\BaseBuilder->get()
 3 SYSTEMPATH/BaseModel.php(676): CodeIgniter\Model->doFindAll()
 4 APPPATH/Controllers/Back.php(24): CodeIgniter\BaseModel->findAll()
 5 SYSTEMPATH/CodeIgniter.php(933): App\Controllers\Back->index()
 6 SYSTEMPATH/CodeIgniter.php(509): CodeIgniter\CodeIgniter->runController()
 7 SYSTEMPATH/CodeIgniter.php(355): CodeIgniter\CodeIgniter->handleRequest()
 8 SYSTEMPATH/Boot.php(312): CodeIgniter\CodeIgniter->run()
 9 SYSTEMPATH/Boot.php(67): CodeIgniter\Boot::runCodeIgniter()
10 FCPATH/index.php(56): CodeIgniter\Boot::bootWeb()
CRITICAL - 2024-05-02 07:42:31 --> [Caused by] CodeIgniter\Database\Exceptions\DatabaseException: Table 'gestionUe.QUE' doesn't exist
in SYSTEMPATH/Database/MySQLi/Connection.php on line 313.
 1 SYSTEMPATH/Database/BaseConnection.php(722): CodeIgniter\Database\MySQLi\Connection->execute()
 2 SYSTEMPATH/Database/BaseConnection.php(636): CodeIgniter\Database\BaseConnection->simpleQuery()
 3 SYSTEMPATH/Database/BaseBuilder.php(1629): CodeIgniter\Database\BaseConnection->query()
 4 SYSTEMPATH/Model.php(275): CodeIgniter\Database\BaseBuilder->get()
 5 SYSTEMPATH/BaseModel.php(676): CodeIgniter\Model->doFindAll()
 6 APPPATH/Controllers/Back.php(24): CodeIgniter\BaseModel->findAll()
 7 SYSTEMPATH/CodeIgniter.php(933): App\Controllers\Back->index()
 8 SYSTEMPATH/CodeIgniter.php(509): CodeIgniter\CodeIgniter->runController()
 9 SYSTEMPATH/CodeIgniter.php(355): CodeIgniter\CodeIgniter->handleRequest()
10 SYSTEMPATH/Boot.php(312): CodeIgniter\CodeIgniter->run()
11 SYSTEMPATH/Boot.php(67): CodeIgniter\Boot::runCodeIgniter()
12 FCPATH/index.php(56): CodeIgniter\Boot::bootWeb()
CRITICAL - 2024-05-02 07:42:31 --> [Caused by] mysqli_sql_exception: Table 'gestionUe.QUE' doesn't exist
in SYSTEMPATH/Database/MySQLi/Connection.php on line 308.
 1 SYSTEMPATH/Database/MySQLi/Connection.php(308): mysqli->query()
 2 SYSTEMPATH/Database/BaseConnection.php(722): CodeIgniter\Database\MySQLi\Connection->execute()
 3 SYSTEMPATH/Database/BaseConnection.php(636): CodeIgniter\Database\BaseConnection->simpleQuery()
 4 SYSTEMPATH/Database/BaseBuilder.php(1629): CodeIgniter\Database\BaseConnection->query()
 5 SYSTEMPATH/Model.php(275): CodeIgniter\Database\BaseBuilder->get()
 6 SYSTEMPATH/BaseModel.php(676): CodeIgniter\Model->doFindAll()
 7 APPPATH/Controllers/Back.php(24): CodeIgniter\BaseModel->findAll()
 8 SYSTEMPATH/CodeIgniter.php(933): App\Controllers\Back->index()
 9 SYSTEMPATH/CodeIgniter.php(509): CodeIgniter\CodeIgniter->runController()
10 SYSTEMPATH/CodeIgniter.php(355): CodeIgniter\CodeIgniter->handleRequest()
11 SYSTEMPATH/Boot.php(312): CodeIgniter\CodeIgniter->run()
12 SYSTEMPATH/Boot.php(67): CodeIgniter\Boot::runCodeIgniter()
13 FCPATH/index.php(56): CodeIgniter\Boot::bootWeb()
ERROR - 2024-05-02 07:42:31 --> mysqli_sql_exception: Table 'gestionUe.QUE' doesn't exist in /var/www/UE/system/Database/MySQLi/Connection.php:308
Stack trace:
#0 /var/www/UE/system/Database/MySQLi/Connection.php(308): mysqli->query()
#1 /var/www/UE/system/Database/BaseConnection.php(722): CodeIgniter\Database\MySQLi\Connection->execute()
#2 /var/www/UE/system/Database/BaseConnection.php(636): CodeIgniter\Database\BaseConnection->simpleQuery()
#3 /var/www/UE/system/Database/BaseBuilder.php(1629): CodeIgniter\Database\BaseConnection->query()
#4 /var/www/UE/system/Model.php(275): CodeIgniter\Database\BaseBuilder->get()
#5 /var/www/UE/system/BaseModel.php(676): CodeIgniter\Model->doFindAll()
#6 /var/www/UE/app/Controllers/Back.php(24): CodeIgniter\BaseModel->findAll()
#7 /var/www/UE/system/CodeIgniter.php(933): App\Controllers\Back->index()
#8 /var/www/UE/system/CodeIgniter.php(509): CodeIgniter\CodeIgniter->runController()
#9 /var/www/UE/system/CodeIgniter.php(355): CodeIgniter\CodeIgniter->handleRequest()
#10 /var/www/UE/system/Boot.php(312): CodeIgniter\CodeIgniter->run()
#11 /var/www/UE/system/Boot.php(67): CodeIgniter\Boot::runCodeIgniter()
#12 /var/www/UE/public/index.php(56): CodeIgniter\Boot::bootWeb()
#13 {main}
CRITICAL - 2024-05-02 07:42:31 --> CodeIgniter\Database\Exceptions\DatabaseException: Table 'gestionUe.QUE' doesn't exist
[Method: GET, Route: /]
in SYSTEMPATH/Database/BaseConnection.php on line 676.
 1 SYSTEMPATH/Database/BaseBuilder.php(1629): CodeIgniter\Database\BaseConnection->query()
 2 SYSTEMPATH/Model.php(275): CodeIgniter\Database\BaseBuilder->get()
 3 SYSTEMPATH/BaseModel.php(676): CodeIgniter\Model->doFindAll()
 4 APPPATH/Controllers/Back.php(24): CodeIgniter\BaseModel->findAll()
 5 SYSTEMPATH/CodeIgniter.php(933): App\Controllers\Back->index()
 6 SYSTEMPATH/CodeIgniter.php(509): CodeIgniter\CodeIgniter->runController()
 7 SYSTEMPATH/CodeIgniter.php(355): CodeIgniter\CodeIgniter->handleRequest()
 8 SYSTEMPATH/Boot.php(312): CodeIgniter\CodeIgniter->run()
 9 SYSTEMPATH/Boot.php(67): CodeIgniter\Boot::runCodeIgniter()
10 FCPATH/index.php(56): CodeIgniter\Boot::bootWeb()
CRITICAL - 2024-05-02 07:42:31 --> [Caused by] CodeIgniter\Database\Exceptions\DatabaseException: Table 'gestionUe.QUE' doesn't exist
in SYSTEMPATH/Database/MySQLi/Connection.php on line 313.
 1 SYSTEMPATH/Database/BaseConnection.php(722): CodeIgniter\Database\MySQLi\Connection->execute()
 2 SYSTEMPATH/Database/BaseConnection.php(636): CodeIgniter\Database\BaseConnection->simpleQuery()
 3 SYSTEMPATH/Database/BaseBuilder.php(1629): CodeIgniter\Database\BaseConnection->query()
 4 SYSTEMPATH/Model.php(275): CodeIgniter\Database\BaseBuilder->get()
 5 SYSTEMPATH/BaseModel.php(676): CodeIgniter\Model->doFindAll()
 6 APPPATH/Controllers/Back.php(24): CodeIgniter\BaseModel->findAll()
 7 SYSTEMPATH/CodeIgniter.php(933): App\Controllers\Back->index()
 8 SYSTEMPATH/CodeIgniter.php(509): CodeIgniter\CodeIgniter->runController()
 9 SYSTEMPATH/CodeIgniter.php(355): CodeIgniter\CodeIgniter->handleRequest()
10 SYSTEMPATH/Boot.php(312): CodeIgniter\CodeIgniter->run()
11 SYSTEMPATH/Boot.php(67): CodeIgniter\Boot::runCodeIgniter()
12 FCPATH/index.php(56): CodeIgniter\Boot::bootWeb()
CRITICAL - 2024-05-02 07:42:31 --> [Caused by] mysqli_sql_exception: Table 'gestionUe.QUE' doesn't exist
in SYSTEMPATH/Database/MySQLi/Connection.php on line 308.
 1 SYSTEMPATH/Database/MySQLi/Connection.php(308): mysqli->query()
 2 SYSTEMPATH/Database/BaseConnection.php(722): CodeIgniter\Database\MySQLi\Connection->execute()
 3 SYSTEMPATH/Database/BaseConnection.php(636): CodeIgniter\Database\BaseConnection->simpleQuery()
 4 SYSTEMPATH/Database/BaseBuilder.php(1629): CodeIgniter\Database\BaseConnection->query()
 5 SYSTEMPATH/Model.php(275): CodeIgniter\Database\BaseBuilder->get()
 6 SYSTEMPATH/BaseModel.php(676): CodeIgniter\Model->doFindAll()
 7 APPPATH/Controllers/Back.php(24): CodeIgniter\BaseModel->findAll()
 8 SYSTEMPATH/CodeIgniter.php(933): App\Controllers\Back->index()
 9 SYSTEMPATH/CodeIgniter.php(509): CodeIgniter\CodeIgniter->runController()
10 SYSTEMPATH/CodeIgniter.php(355): CodeIgniter\CodeIgniter->handleRequest()
11 SYSTEMPATH/Boot.php(312): CodeIgniter\CodeIgniter->run()
12 SYSTEMPATH/Boot.php(67): CodeIgniter\Boot::runCodeIgniter()
13 FCPATH/index.php(56): CodeIgniter\Boot::bootWeb()
ERROR - 2024-05-02 07:42:31 --> mysqli_sql_exception: Table 'gestionUe.QUE' doesn't exist in /var/www/UE/system/Database/MySQLi/Connection.php:308
Stack trace:
#0 /var/www/UE/system/Database/MySQLi/Connection.php(308): mysqli->query()
#1 /var/www/UE/system/Database/BaseConnection.php(722): CodeIgniter\Database\MySQLi\Connection->execute()
#2 /var/www/UE/system/Database/BaseConnection.php(636): CodeIgniter\Database\BaseConnection->simpleQuery()
#3 /var/www/UE/system/Database/BaseBuilder.php(1629): CodeIgniter\Database\BaseConnection->query()
#4 /var/www/UE/system/Model.php(275): CodeIgniter\Database\BaseBuilder->get()
#5 /var/www/UE/system/BaseModel.php(676): CodeIgniter\Model->doFindAll()
#6 /var/www/UE/app/Controllers/Back.php(24): CodeIgniter\BaseModel->findAll()
#7 /var/www/UE/system/CodeIgniter.php(933): App\Controllers\Back->index()
#8 /var/www/UE/system/CodeIgniter.php(509): CodeIgniter\CodeIgniter->runController()
#9 /var/www/UE/system/CodeIgniter.php(355): CodeIgniter\CodeIgniter->handleRequest()
#10 /var/www/UE/system/Boot.php(312): CodeIgniter\CodeIgniter->run()
#11 /var/www/UE/system/Boot.php(67): CodeIgniter\Boot::runCodeIgniter()
#12 /var/www/UE/public/index.php(56): CodeIgniter\Boot::bootWeb()
#13 {main}
CRITICAL - 2024-05-02 07:42:31 --> CodeIgniter\Database\Exceptions\DatabaseException: Table 'gestionUe.QUE' doesn't exist
[Method: GET, Route: /]
in SYSTEMPATH/Database/BaseConnection.php on line 676.
 1 SYSTEMPATH/Database/BaseBuilder.php(1629): CodeIgniter\Database\BaseConnection->query()
 2 SYSTEMPATH/Model.php(275): CodeIgniter\Database\BaseBuilder->get()
 3 SYSTEMPATH/BaseModel.php(676): CodeIgniter\Model->doFindAll()
 4 APPPATH/Controllers/Back.php(24): CodeIgniter\BaseModel->findAll()
 5 SYSTEMPATH/CodeIgniter.php(933): App\Controllers\Back->index()
 6 SYSTEMPATH/CodeIgniter.php(509): CodeIgniter\CodeIgniter->runController()
 7 SYSTEMPATH/CodeIgniter.php(355): CodeIgniter\CodeIgniter->handleRequest()
 8 SYSTEMPATH/Boot.php(312): CodeIgniter\CodeIgniter->run()
 9 SYSTEMPATH/Boot.php(67): CodeIgniter\Boot::runCodeIgniter()
10 FCPATH/index.php(56): CodeIgniter\Boot::bootWeb()
CRITICAL - 2024-05-02 07:42:31 --> [Caused by] CodeIgniter\Database\Exceptions\DatabaseException: Table 'gestionUe.QUE' doesn't exist
in SYSTEMPATH/Database/MySQLi/Connection.php on line 313.
 1 SYSTEMPATH/Database/BaseConnection.php(722): CodeIgniter\Database\MySQLi\Connection->execute()
 2 SYSTEMPATH/Database/BaseConnection.php(636): CodeIgniter\Database\BaseConnection->simpleQuery()
 3 SYSTEMPATH/Database/BaseBuilder.php(1629): CodeIgniter\Database\BaseConnection->query()
 4 SYSTEMPATH/Model.php(275): CodeIgniter\Database\BaseBuilder->get()
 5 SYSTEMPATH/BaseModel.php(676): CodeIgniter\Model->doFindAll()
 6 APPPATH/Controllers/Back.php(24): CodeIgniter\BaseModel->findAll()
 7 SYSTEMPATH/CodeIgniter.php(933): App\Controllers\Back->index()
 8 SYSTEMPATH/CodeIgniter.php(509): CodeIgniter\CodeIgniter->runController()
 9 SYSTEMPATH/CodeIgniter.php(355): CodeIgniter\CodeIgniter->handleRequest()
10 SYSTEMPATH/Boot.php(312): CodeIgniter\CodeIgniter->run()
11 SYSTEMPATH/Boot.php(67): CodeIgniter\Boot::runCodeIgniter()
12 FCPATH/index.php(56): CodeIgniter\Boot::bootWeb()
CRITICAL - 2024-05-02 07:42:31 --> [Caused by] mysqli_sql_exception: Table 'gestionUe.QUE' doesn't exist
in SYSTEMPATH/Database/MySQLi/Connection.php on line 308.
 1 SYSTEMPATH/Database/MySQLi/Connection.php(308): mysqli->query()
 2 SYSTEMPATH/Database/BaseConnection.php(722): CodeIgniter\Database\MySQLi\Connection->execute()
 3 SYSTEMPATH/Database/BaseConnection.php(636): CodeIgniter\Database\BaseConnection->simpleQuery()
 4 SYSTEMPATH/Database/BaseBuilder.php(1629): CodeIgniter\Database\BaseConnection->query()
 5 SYSTEMPATH/Model.php(275): CodeIgniter\Database\BaseBuilder->get()
 6 SYSTEMPATH/BaseModel.php(676): CodeIgniter\Model->doFindAll()
 7 APPPATH/Controllers/Back.php(24): CodeIgniter\BaseModel->findAll()
 8 SYSTEMPATH/CodeIgniter.php(933): App\Controllers\Back->index()
 9 SYSTEMPATH/CodeIgniter.php(509): CodeIgniter\CodeIgniter->runController()
10 SYSTEMPATH/CodeIgniter.php(355): CodeIgniter\CodeIgniter->handleRequest()
11 SYSTEMPATH/Boot.php(312): CodeIgniter\CodeIgniter->run()
12 SYSTEMPATH/Boot.php(67): CodeIgniter\Boot::runCodeIgniter()
13 FCPATH/index.php(56): CodeIgniter\Boot::bootWeb()
CRITICAL - 2024-05-02 07:45:38 --> Error: Class "App\Controllers\Inscription" not found
[Method: POST, Route: Back/insert]
in APPPATH/Controllers/Back.php on line 379.
 1 SYSTEMPATH/CodeIgniter.php(933): App\Controllers\Back->insert()
 2 SYSTEMPATH/CodeIgniter.php(509): CodeIgniter\CodeIgniter->runController()
 3 SYSTEMPATH/CodeIgniter.php(355): CodeIgniter\CodeIgniter->handleRequest()
 4 SYSTEMPATH/Boot.php(312): CodeIgniter\CodeIgniter->run()
 5 SYSTEMPATH/Boot.php(67): CodeIgniter\Boot::runCodeIgniter()
 6 FCPATH/index.php(56): CodeIgniter\Boot::bootWeb()
CRITICAL - 2024-05-02 07:47:04 --> ErrorException: Cannot declare class App\Models\Professeur, because the name is already in use
[Method: POST, Route: Back/insert]
in APPPATH/Models/Etudiant.php on line 0.
 1 [internal function]: CodeIgniter\Debug\Exceptions->shutdownHandler()
ERROR - 2024-05-02 07:47:44 --> mysqli_sql_exception: Table 'gestionUe.Inscription' doesn't exist in /var/www/UE/system/Database/MySQLi/Connection.php:308
Stack trace:
#0 /var/www/UE/system/Database/MySQLi/Connection.php(308): mysqli->query()
#1 /var/www/UE/system/Database/BaseConnection.php(722): CodeIgniter\Database\MySQLi\Connection->execute()
#2 /var/www/UE/system/Database/BaseConnection.php(636): CodeIgniter\Database\BaseConnection->simpleQuery()
#3 /var/www/UE/system/Database/BaseBuilder.php(1713): CodeIgniter\Database\BaseConnection->query()
#4 /var/www/UE/system/Model.php(667): CodeIgniter\Database\BaseBuilder->countAllResults()
#5 /var/www/UE/app/Models/Etudiant.php(14): CodeIgniter\Model->countAllResults()
#6 /var/www/UE/app/Controllers/Back.php(389): App\Models\Etudiant->getTotal()
#7 /var/www/UE/system/CodeIgniter.php(933): App\Controllers\Back->insert()
#8 /var/www/UE/system/CodeIgniter.php(509): CodeIgniter\CodeIgniter->runController()
#9 /var/www/UE/system/CodeIgniter.php(355): CodeIgniter\CodeIgniter->handleRequest()
#10 /var/www/UE/system/Boot.php(312): CodeIgniter\CodeIgniter->run()
#11 /var/www/UE/system/Boot.php(67): CodeIgniter\Boot::runCodeIgniter()
#12 /var/www/UE/public/index.php(56): CodeIgniter\Boot::bootWeb()
#13 {main}
CRITICAL - 2024-05-02 07:47:44 --> CodeIgniter\Database\Exceptions\DatabaseException: Table 'gestionUe.Inscription' doesn't exist
[Method: POST, Route: Back/insert]
in SYSTEMPATH/Database/BaseConnection.php on line 676.
 1 SYSTEMPATH/Database/BaseBuilder.php(1713): CodeIgniter\Database\BaseConnection->query()
 2 SYSTEMPATH/Model.php(667): CodeIgniter\Database\BaseBuilder->countAllResults()
 3 APPPATH/Models/Etudiant.php(14): CodeIgniter\Model->countAllResults()
 4 APPPATH/Controllers/Back.php(389): App\Models\Etudiant->getTotal()
 5 SYSTEMPATH/CodeIgniter.php(933): App\Controllers\Back->insert()
 6 SYSTEMPATH/CodeIgniter.php(509): CodeIgniter\CodeIgniter->runController()
 7 SYSTEMPATH/CodeIgniter.php(355): CodeIgniter\CodeIgniter->handleRequest()
 8 SYSTEMPATH/Boot.php(312): CodeIgniter\CodeIgniter->run()
 9 SYSTEMPATH/Boot.php(67): CodeIgniter\Boot::runCodeIgniter()
10 FCPATH/index.php(56): CodeIgniter\Boot::bootWeb()
CRITICAL - 2024-05-02 07:47:44 --> [Caused by] CodeIgniter\Database\Exceptions\DatabaseException: Table 'gestionUe.Inscription' doesn't exist
in SYSTEMPATH/Database/MySQLi/Connection.php on line 313.
 1 SYSTEMPATH/Database/BaseConnection.php(722): CodeIgniter\Database\MySQLi\Connection->execute()
 2 SYSTEMPATH/Database/BaseConnection.php(636): CodeIgniter\Database\BaseConnection->simpleQuery()
 3 SYSTEMPATH/Database/BaseBuilder.php(1713): CodeIgniter\Database\BaseConnection->query()
 4 SYSTEMPATH/Model.php(667): CodeIgniter\Database\BaseBuilder->countAllResults()
 5 APPPATH/Models/Etudiant.php(14): CodeIgniter\Model->countAllResults()
 6 APPPATH/Controllers/Back.php(389): App\Models\Etudiant->getTotal()
 7 SYSTEMPATH/CodeIgniter.php(933): App\Controllers\Back->insert()
 8 SYSTEMPATH/CodeIgniter.php(509): CodeIgniter\CodeIgniter->runController()
 9 SYSTEMPATH/CodeIgniter.php(355): CodeIgniter\CodeIgniter->handleRequest()
10 SYSTEMPATH/Boot.php(312): CodeIgniter\CodeIgniter->run()
11 SYSTEMPATH/Boot.php(67): CodeIgniter\Boot::runCodeIgniter()
12 FCPATH/index.php(56): CodeIgniter\Boot::bootWeb()
CRITICAL - 2024-05-02 07:47:44 --> [Caused by] mysqli_sql_exception: Table 'gestionUe.Inscription' doesn't exist
in SYSTEMPATH/Database/MySQLi/Connection.php on line 308.
 1 SYSTEMPATH/Database/MySQLi/Connection.php(308): mysqli->query()
 2 SYSTEMPATH/Database/BaseConnection.php(722): CodeIgniter\Database\MySQLi\Connection->execute()
 3 SYSTEMPATH/Database/BaseConnection.php(636): CodeIgniter\Database\BaseConnection->simpleQuery()
 4 SYSTEMPATH/Database/BaseBuilder.php(1713): CodeIgniter\Database\BaseConnection->query()
 5 SYSTEMPATH/Model.php(667): CodeIgniter\Database\BaseBuilder->countAllResults()
 6 APPPATH/Models/Etudiant.php(14): CodeIgniter\Model->countAllResults()
 7 APPPATH/Controllers/Back.php(389): App\Models\Etudiant->getTotal()
 8 SYSTEMPATH/CodeIgniter.php(933): App\Controllers\Back->insert()
 9 SYSTEMPATH/CodeIgniter.php(509): CodeIgniter\CodeIgniter->runController()
10 SYSTEMPATH/CodeIgniter.php(355): CodeIgniter\CodeIgniter->handleRequest()
11 SYSTEMPATH/Boot.php(312): CodeIgniter\CodeIgniter->run()
12 SYSTEMPATH/Boot.php(67): CodeIgniter\Boot::runCodeIgniter()
13 FCPATH/index.php(56): CodeIgniter\Boot::bootWeb()
ERROR - 2024-05-02 08:12:46 --> mysqli_sql_exception: Table 'gestionUe.Inscription' doesn't exist in /var/www/UE/system/Database/MySQLi/Connection.php:308
Stack trace:
#0 /var/www/UE/system/Database/MySQLi/Connection.php(308): mysqli->query()
#1 /var/www/UE/system/Database/BaseConnection.php(722): CodeIgniter\Database\MySQLi\Connection->execute()
#2 /var/www/UE/system/Database/BaseConnection.php(636): CodeIgniter\Database\BaseConnection->simpleQuery()
#3 /var/www/UE/system/Database/BaseBuilder.php(1713): CodeIgniter\Database\BaseConnection->query()
#4 /var/www/UE/system/Model.php(667): CodeIgniter\Database\BaseBuilder->countAllResults()
#5 /var/www/UE/app/Models/Etudiant.php(14): CodeIgniter\Model->countAllResults()
#6 /var/www/UE/app/Controllers/Back.php(389): App\Models\Etudiant->getTotal()
#7 /var/www/UE/system/CodeIgniter.php(933): App\Controllers\Back->insert()
#8 /var/www/UE/system/CodeIgniter.php(509): CodeIgniter\CodeIgniter->runController()
#9 /var/www/UE/system/CodeIgniter.php(355): CodeIgniter\CodeIgniter->handleRequest()
#10 /var/www/UE/system/Boot.php(312): CodeIgniter\CodeIgniter->run()
#11 /var/www/UE/system/Boot.php(67): CodeIgniter\Boot::runCodeIgniter()
#12 /var/www/UE/public/index.php(56): CodeIgniter\Boot::bootWeb()
#13 {main}
CRITICAL - 2024-05-02 08:12:46 --> CodeIgniter\Database\Exceptions\DatabaseException: Table 'gestionUe.Inscription' doesn't exist
[Method: POST, Route: Back/insert]
in SYSTEMPATH/Database/BaseConnection.php on line 676.
 1 SYSTEMPATH/Database/BaseBuilder.php(1713): CodeIgniter\Database\BaseConnection->query()
 2 SYSTEMPATH/Model.php(667): CodeIgniter\Database\BaseBuilder->countAllResults()
 3 APPPATH/Models/Etudiant.php(14): CodeIgniter\Model->countAllResults()
 4 APPPATH/Controllers/Back.php(389): App\Models\Etudiant->getTotal()
 5 SYSTEMPATH/CodeIgniter.php(933): App\Controllers\Back->insert()
 6 SYSTEMPATH/CodeIgniter.php(509): CodeIgniter\CodeIgniter->runController()
 7 SYSTEMPATH/CodeIgniter.php(355): CodeIgniter\CodeIgniter->handleRequest()
 8 SYSTEMPATH/Boot.php(312): CodeIgniter\CodeIgniter->run()
 9 SYSTEMPATH/Boot.php(67): CodeIgniter\Boot::runCodeIgniter()
10 FCPATH/index.php(56): CodeIgniter\Boot::bootWeb()
CRITICAL - 2024-05-02 08:12:46 --> [Caused by] CodeIgniter\Database\Exceptions\DatabaseException: Table 'gestionUe.Inscription' doesn't exist
in SYSTEMPATH/Database/MySQLi/Connection.php on line 313.
 1 SYSTEMPATH/Database/BaseConnection.php(722): CodeIgniter\Database\MySQLi\Connection->execute()
 2 SYSTEMPATH/Database/BaseConnection.php(636): CodeIgniter\Database\BaseConnection->simpleQuery()
 3 SYSTEMPATH/Database/BaseBuilder.php(1713): CodeIgniter\Database\BaseConnection->query()
 4 SYSTEMPATH/Model.php(667): CodeIgniter\Database\BaseBuilder->countAllResults()
 5 APPPATH/Models/Etudiant.php(14): CodeIgniter\Model->countAllResults()
 6 APPPATH/Controllers/Back.php(389): App\Models\Etudiant->getTotal()
 7 SYSTEMPATH/CodeIgniter.php(933): App\Controllers\Back->insert()
 8 SYSTEMPATH/CodeIgniter.php(509): CodeIgniter\CodeIgniter->runController()
 9 SYSTEMPATH/CodeIgniter.php(355): CodeIgniter\CodeIgniter->handleRequest()
10 SYSTEMPATH/Boot.php(312): CodeIgniter\CodeIgniter->run()
11 SYSTEMPATH/Boot.php(67): CodeIgniter\Boot::runCodeIgniter()
12 FCPATH/index.php(56): CodeIgniter\Boot::bootWeb()
CRITICAL - 2024-05-02 08:12:46 --> [Caused by] mysqli_sql_exception: Table 'gestionUe.Inscription' doesn't exist
in SYSTEMPATH/Database/MySQLi/Connection.php on line 308.
 1 SYSTEMPATH/Database/MySQLi/Connection.php(308): mysqli->query()
 2 SYSTEMPATH/Database/BaseConnection.php(722): CodeIgniter\Database\MySQLi\Connection->execute()
 3 SYSTEMPATH/Database/BaseConnection.php(636): CodeIgniter\Database\BaseConnection->simpleQuery()
 4 SYSTEMPATH/Database/BaseBuilder.php(1713): CodeIgniter\Database\BaseConnection->query()
 5 SYSTEMPATH/Model.php(667): CodeIgniter\Database\BaseBuilder->countAllResults()
 6 APPPATH/Models/Etudiant.php(14): CodeIgniter\Model->countAllResults()
 7 APPPATH/Controllers/Back.php(389): App\Models\Etudiant->getTotal()
 8 SYSTEMPATH/CodeIgniter.php(933): App\Controllers\Back->insert()
 9 SYSTEMPATH/CodeIgniter.php(509): CodeIgniter\CodeIgniter->runController()
10 SYSTEMPATH/CodeIgniter.php(355): CodeIgniter\CodeIgniter->handleRequest()
11 SYSTEMPATH/Boot.php(312): CodeIgniter\CodeIgniter->run()
12 SYSTEMPATH/Boot.php(67): CodeIgniter\Boot::runCodeIgniter()
13 FCPATH/index.php(56): CodeIgniter\Boot::bootWeb()
CRITICAL - 2024-05-02 08:24:04 --> TypeError: Unsupported operand types: array * int
[Method: POST, Route: Back/insert]
in APPPATH/Controllers/Back.php on line 461.
 1 SYSTEMPATH/CodeIgniter.php(933): App\Controllers\Back->insert()
 2 SYSTEMPATH/CodeIgniter.php(509): CodeIgniter\CodeIgniter->runController()
 3 SYSTEMPATH/CodeIgniter.php(355): CodeIgniter\CodeIgniter->handleRequest()
 4 SYSTEMPATH/Boot.php(312): CodeIgniter\CodeIgniter->run()
 5 SYSTEMPATH/Boot.php(67): CodeIgniter\Boot::runCodeIgniter()
 6 FCPATH/index.php(56): CodeIgniter\Boot::bootWeb()
CRITICAL - 2024-05-02 10:26:52 --> ArgumentCountError: json_encode() expects at least 1 argument, 0 given
[Method: POST, Route: Back/nEtudiant]
in APPPATH/Controllers/Back.php on line 272.
 1 APPPATH/Controllers/Back.php(272): json_encode()
 2 SYSTEMPATH/CodeIgniter.php(933): App\Controllers\Back->nEtudiant()
 3 SYSTEMPATH/CodeIgniter.php(509): CodeIgniter\CodeIgniter->runController()
 4 SYSTEMPATH/CodeIgniter.php(355): CodeIgniter\CodeIgniter->handleRequest()
 5 SYSTEMPATH/Boot.php(312): CodeIgniter\CodeIgniter->run()
 6 SYSTEMPATH/Boot.php(67): CodeIgniter\Boot::runCodeIgniter()
 7 FCPATH/index.php(56): CodeIgniter\Boot::bootWeb()
CRITICAL - 2024-05-02 10:27:36 --> ArgumentCountError: json_encode() expects at least 1 argument, 0 given
[Method: GET, Route: Back/nEtudiant]
in APPPATH/Controllers/Back.php on line 272.
 1 APPPATH/Controllers/Back.php(272): json_encode()
 2 SYSTEMPATH/CodeIgniter.php(933): App\Controllers\Back->nEtudiant()
 3 SYSTEMPATH/CodeIgniter.php(509): CodeIgniter\CodeIgniter->runController()
 4 SYSTEMPATH/CodeIgniter.php(355): CodeIgniter\CodeIgniter->handleRequest()
 5 SYSTEMPATH/Boot.php(312): CodeIgniter\CodeIgniter->run()
 6 SYSTEMPATH/Boot.php(67): CodeIgniter\Boot::runCodeIgniter()
 7 FCPATH/index.php(56): CodeIgniter\Boot::bootWeb()
ERROR - 2024-05-02 12:12:35 --> Error connecting to the database: mysqli_sql_exception: Access denied for user 'root'@'localhost' in /home/safidison/git_directory/ProjetCodeIgniter/UE/system/Database/MySQLi/Connection.php:187
Stack trace:
#0 /home/safidison/git_directory/ProjetCodeIgniter/UE/system/Database/MySQLi/Connection.php(187): mysqli->real_connect()
#1 /home/safidison/git_directory/ProjetCodeIgniter/UE/system/Database/BaseConnection.php(421): CodeIgniter\Database\MySQLi\Connection->connect()
#2 /home/safidison/git_directory/ProjetCodeIgniter/UE/system/Database/BaseConnection.php(604): CodeIgniter\Database\BaseConnection->initialize()
#3 /home/safidison/git_directory/ProjetCodeIgniter/UE/system/Database/BaseBuilder.php(1629): CodeIgniter\Database\BaseConnection->query()
#4 /home/safidison/git_directory/ProjetCodeIgniter/UE/system/Model.php(275): CodeIgniter\Database\BaseBuilder->get()
#5 /home/safidison/git_directory/ProjetCodeIgniter/UE/system/BaseModel.php(676): CodeIgniter\Model->doFindAll()
#6 /home/safidison/git_directory/ProjetCodeIgniter/UE/app/Controllers/Back.php(28): CodeIgniter\BaseModel->findAll()
#7 /home/safidison/git_directory/ProjetCodeIgniter/UE/system/CodeIgniter.php(933): App\Controllers\Back->index()
#8 /home/safidison/git_directory/ProjetCodeIgniter/UE/system/CodeIgniter.php(509): CodeIgniter\CodeIgniter->runController()
#9 /home/safidison/git_directory/ProjetCodeIgniter/UE/system/CodeIgniter.php(355): CodeIgniter\CodeIgniter->handleRequest()
#10 /home/safidison/git_directory/ProjetCodeIgniter/UE/system/Boot.php(312): CodeIgniter\CodeIgniter->run()
#11 /home/safidison/git_directory/ProjetCodeIgniter/UE/system/Boot.php(67): CodeIgniter\Boot::runCodeIgniter()
#12 /home/safidison/git_directory/ProjetCodeIgniter/UE/public/index.php(56): CodeIgniter\Boot::bootWeb()
#13 {main}

Next CodeIgniter\Database\Exceptions\DatabaseException: Access denied for user '****'@'localhost' in /home/safidison/git_directory/ProjetCodeIgniter/UE/system/Database/MySQLi/Connection.php:231
Stack trace:
#0 /home/safidison/git_directory/ProjetCodeIgniter/UE/system/Database/BaseConnection.php(421): CodeIgniter\Database\MySQLi\Connection->connect()
#1 /home/safidison/git_directory/ProjetCodeIgniter/UE/system/Database/BaseConnection.php(604): CodeIgniter\Database\BaseConnection->initialize()
#2 /home/safidison/git_directory/ProjetCodeIgniter/UE/system/Database/BaseBuilder.php(1629): CodeIgniter\Database\BaseConnection->query()
#3 /home/safidison/git_directory/ProjetCodeIgniter/UE/system/Model.php(275): CodeIgniter\Database\BaseBuilder->get()
#4 /home/safidison/git_directory/ProjetCodeIgniter/UE/system/BaseModel.php(676): CodeIgniter\Model->doFindAll()
#5 /home/safidison/git_directory/ProjetCodeIgniter/UE/app/Controllers/Back.php(28): CodeIgniter\BaseModel->findAll()
#6 /home/safidison/git_directory/ProjetCodeIgniter/UE/system/CodeIgniter.php(933): App\Controllers\Back->index()
#7 /home/safidison/git_directory/ProjetCodeIgniter/UE/system/CodeIgniter.php(509): CodeIgniter\CodeIgniter->runController()
#8 /home/safidison/git_directory/ProjetCodeIgniter/UE/system/CodeIgniter.php(355): CodeIgniter\CodeIgniter->handleRequest()
#9 /home/safidison/git_directory/ProjetCodeIgniter/UE/system/Boot.php(312): CodeIgniter\CodeIgniter->run()
#10 /home/safidison/git_directory/ProjetCodeIgniter/UE/system/Boot.php(67): CodeIgniter\Boot::runCodeIgniter()
#11 /home/safidison/git_directory/ProjetCodeIgniter/UE/public/index.php(56): CodeIgniter\Boot::bootWeb()
#12 {main}
CRITICAL - 2024-05-02 12:12:35 --> CodeIgniter\Database\Exceptions\DatabaseException: Unable to connect to the database.
Main connection [MySQLi]: Access denied for user '****'@'localhost'
[Method: GET, Route: /]
in SYSTEMPATH/Database/BaseConnection.php on line 457.
 1 SYSTEMPATH/Database/BaseConnection.php(604): CodeIgniter\Database\BaseConnection->initialize()
 2 SYSTEMPATH/Database/BaseBuilder.php(1629): CodeIgniter\Database\BaseConnection->query()
 3 SYSTEMPATH/Model.php(275): CodeIgniter\Database\BaseBuilder->get()
 4 SYSTEMPATH/BaseModel.php(676): CodeIgniter\Model->doFindAll()
 5 APPPATH/Controllers/Back.php(28): CodeIgniter\BaseModel->findAll()
 6 SYSTEMPATH/CodeIgniter.php(933): App\Controllers\Back->index()
 7 SYSTEMPATH/CodeIgniter.php(509): CodeIgniter\CodeIgniter->runController()
 8 SYSTEMPATH/CodeIgniter.php(355): CodeIgniter\CodeIgniter->handleRequest()
 9 SYSTEMPATH/Boot.php(312): CodeIgniter\CodeIgniter->run()
10 SYSTEMPATH/Boot.php(67): CodeIgniter\Boot::runCodeIgniter()
11 FCPATH/index.php(56): CodeIgniter\Boot::bootWeb()
ERROR - 2024-05-02 12:12:41 --> Error connecting to the database: mysqli_sql_exception: Access denied for user 'root'@'localhost' in /home/safidison/git_directory/ProjetCodeIgniter/UE/system/Database/MySQLi/Connection.php:187
Stack trace:
#0 /home/safidison/git_directory/ProjetCodeIgniter/UE/system/Database/MySQLi/Connection.php(187): mysqli->real_connect()
#1 /home/safidison/git_directory/ProjetCodeIgniter/UE/system/Database/BaseConnection.php(421): CodeIgniter\Database\MySQLi\Connection->connect()
#2 /home/safidison/git_directory/ProjetCodeIgniter/UE/system/Database/BaseConnection.php(604): CodeIgniter\Database\BaseConnection->initialize()
#3 /home/safidison/git_directory/ProjetCodeIgniter/UE/system/Database/BaseBuilder.php(1629): CodeIgniter\Database\BaseConnection->query()
#4 /home/safidison/git_directory/ProjetCodeIgniter/UE/system/Model.php(275): CodeIgniter\Database\BaseBuilder->get()
#5 /home/safidison/git_directory/ProjetCodeIgniter/UE/system/BaseModel.php(676): CodeIgniter\Model->doFindAll()
#6 /home/safidison/git_directory/ProjetCodeIgniter/UE/app/Controllers/Back.php(28): CodeIgniter\BaseModel->findAll()
#7 /home/safidison/git_directory/ProjetCodeIgniter/UE/system/CodeIgniter.php(933): App\Controllers\Back->index()
#8 /home/safidison/git_directory/ProjetCodeIgniter/UE/system/CodeIgniter.php(509): CodeIgniter\CodeIgniter->runController()
#9 /home/safidison/git_directory/ProjetCodeIgniter/UE/system/CodeIgniter.php(355): CodeIgniter\CodeIgniter->handleRequest()
#10 /home/safidison/git_directory/ProjetCodeIgniter/UE/system/Boot.php(312): CodeIgniter\CodeIgniter->run()
#11 /home/safidison/git_directory/ProjetCodeIgniter/UE/system/Boot.php(67): CodeIgniter\Boot::runCodeIgniter()
#12 /home/safidison/git_directory/ProjetCodeIgniter/UE/public/index.php(56): CodeIgniter\Boot::bootWeb()
#13 {main}

Next CodeIgniter\Database\Exceptions\DatabaseException: Access denied for user '****'@'localhost' in /home/safidison/git_directory/ProjetCodeIgniter/UE/system/Database/MySQLi/Connection.php:231
Stack trace:
#0 /home/safidison/git_directory/ProjetCodeIgniter/UE/system/Database/BaseConnection.php(421): CodeIgniter\Database\MySQLi\Connection->connect()
#1 /home/safidison/git_directory/ProjetCodeIgniter/UE/system/Database/BaseConnection.php(604): CodeIgniter\Database\BaseConnection->initialize()
#2 /home/safidison/git_directory/ProjetCodeIgniter/UE/system/Database/BaseBuilder.php(1629): CodeIgniter\Database\BaseConnection->query()
#3 /home/safidison/git_directory/ProjetCodeIgniter/UE/system/Model.php(275): CodeIgniter\Database\BaseBuilder->get()
#4 /home/safidison/git_directory/ProjetCodeIgniter/UE/system/BaseModel.php(676): CodeIgniter\Model->doFindAll()
#5 /home/safidison/git_directory/ProjetCodeIgniter/UE/app/Controllers/Back.php(28): CodeIgniter\BaseModel->findAll()
#6 /home/safidison/git_directory/ProjetCodeIgniter/UE/system/CodeIgniter.php(933): App\Controllers\Back->index()
#7 /home/safidison/git_directory/ProjetCodeIgniter/UE/system/CodeIgniter.php(509): CodeIgniter\CodeIgniter->runController()
#8 /home/safidison/git_directory/ProjetCodeIgniter/UE/system/CodeIgniter.php(355): CodeIgniter\CodeIgniter->handleRequest()
#9 /home/safidison/git_directory/ProjetCodeIgniter/UE/system/Boot.php(312): CodeIgniter\CodeIgniter->run()
#10 /home/safidison/git_directory/ProjetCodeIgniter/UE/system/Boot.php(67): CodeIgniter\Boot::runCodeIgniter()
#11 /home/safidison/git_directory/ProjetCodeIgniter/UE/public/index.php(56): CodeIgniter\Boot::bootWeb()
#12 {main}
CRITICAL - 2024-05-02 12:12:41 --> CodeIgniter\Database\Exceptions\DatabaseException: Unable to connect to the database.
Main connection [MySQLi]: Access denied for user '****'@'localhost'
[Method: GET, Route: /]
in SYSTEMPATH/Database/BaseConnection.php on line 457.
 1 SYSTEMPATH/Database/BaseConnection.php(604): CodeIgniter\Database\BaseConnection->initialize()
 2 SYSTEMPATH/Database/BaseBuilder.php(1629): CodeIgniter\Database\BaseConnection->query()
 3 SYSTEMPATH/Model.php(275): CodeIgniter\Database\BaseBuilder->get()
 4 SYSTEMPATH/BaseModel.php(676): CodeIgniter\Model->doFindAll()
 5 APPPATH/Controllers/Back.php(28): CodeIgniter\BaseModel->findAll()
 6 SYSTEMPATH/CodeIgniter.php(933): App\Controllers\Back->index()
 7 SYSTEMPATH/CodeIgniter.php(509): CodeIgniter\CodeIgniter->runController()
 8 SYSTEMPATH/CodeIgniter.php(355): CodeIgniter\CodeIgniter->handleRequest()
 9 SYSTEMPATH/Boot.php(312): CodeIgniter\CodeIgniter->run()
10 SYSTEMPATH/Boot.php(67): CodeIgniter\Boot::runCodeIgniter()
11 FCPATH/index.php(56): CodeIgniter\Boot::bootWeb()
