ERROR - 2024-05-06 06:17:24 --> mysqli_sql_exception: Table 'gestionUe.inscription' doesn't exist in /var/www/UE/system/Database/MySQLi/Connection.php:308
Stack trace:
#0 /var/www/UE/system/Database/MySQLi/Connection.php(308): mysqli->query()
#1 /var/www/UE/system/Database/BaseConnection.php(722): CodeIgniter\Database\MySQLi\Connection->execute()
#2 /var/www/UE/system/Database/BaseConnection.php(636): CodeIgniter\Database\BaseConnection->simpleQuery()
#3 /var/www/UE/system/Database/BaseBuilder.php(1713): CodeIgniter\Database\BaseConnection->query()
#4 /var/www/UE/system/Model.php(667): CodeIgniter\Database\BaseBuilder->countAllResults()
#5 /var/www/UE/app/Models/Etudiant.php(14): CodeIgniter\Model->countAllResults()
#6 /var/www/UE/app/Controllers/Back.php(259): App\Models\Etudiant->getTotal()
#7 /var/www/UE/system/CodeIgniter.php(933): App\Controllers\Back->nEtudiant()
#8 /var/www/UE/system/CodeIgniter.php(509): CodeIgniter\CodeIgniter->runController()
#9 /var/www/UE/system/CodeIgniter.php(355): CodeIgniter\CodeIgniter->handleRequest()
#10 /var/www/UE/system/Boot.php(312): CodeIgniter\CodeIgniter->run()
#11 /var/www/UE/system/Boot.php(67): CodeIgniter\Boot::runCodeIgniter()
#12 /var/www/UE/public/index.php(56): CodeIgniter\Boot::bootWeb()
#13 {main}
CRITICAL - 2024-05-06 06:17:24 --> CodeIgniter\Database\Exceptions\DatabaseException: Table 'gestionUe.inscription' doesn't exist
[Method: POST, Route: Back/nEtudiant]
in SYSTEMPATH/Database/BaseConnection.php on line 676.
 1 SYSTEMPATH/Database/BaseBuilder.php(1713): CodeIgniter\Database\BaseConnection->query()
 2 SYSTEMPATH/Model.php(667): CodeIgniter\Database\BaseBuilder->countAllResults()
 3 APPPATH/Models/Etudiant.php(14): CodeIgniter\Model->countAllResults()
 4 APPPATH/Controllers/Back.php(259): App\Models\Etudiant->getTotal()
 5 SYSTEMPATH/CodeIgniter.php(933): App\Controllers\Back->nEtudiant()
 6 SYSTEMPATH/CodeIgniter.php(509): CodeIgniter\CodeIgniter->runController()
 7 SYSTEMPATH/CodeIgniter.php(355): CodeIgniter\CodeIgniter->handleRequest()
 8 SYSTEMPATH/Boot.php(312): CodeIgniter\CodeIgniter->run()
 9 SYSTEMPATH/Boot.php(67): CodeIgniter\Boot::runCodeIgniter()
10 FCPATH/index.php(56): CodeIgniter\Boot::bootWeb()
CRITICAL - 2024-05-06 06:17:24 --> [Caused by] CodeIgniter\Database\Exceptions\DatabaseException: Table 'gestionUe.inscription' doesn't exist
in SYSTEMPATH/Database/MySQLi/Connection.php on line 313.
 1 SYSTEMPATH/Database/BaseConnection.php(722): CodeIgniter\Database\MySQLi\Connection->execute()
 2 SYSTEMPATH/Database/BaseConnection.php(636): CodeIgniter\Database\BaseConnection->simpleQuery()
 3 SYSTEMPATH/Database/BaseBuilder.php(1713): CodeIgniter\Database\BaseConnection->query()
 4 SYSTEMPATH/Model.php(667): CodeIgniter\Database\BaseBuilder->countAllResults()
 5 APPPATH/Models/Etudiant.php(14): CodeIgniter\Model->countAllResults()
 6 APPPATH/Controllers/Back.php(259): App\Models\Etudiant->getTotal()
 7 SYSTEMPATH/CodeIgniter.php(933): App\Controllers\Back->nEtudiant()
 8 SYSTEMPATH/CodeIgniter.php(509): CodeIgniter\CodeIgniter->runController()
 9 SYSTEMPATH/CodeIgniter.php(355): CodeIgniter\CodeIgniter->handleRequest()
10 SYSTEMPATH/Boot.php(312): CodeIgniter\CodeIgniter->run()
11 SYSTEMPATH/Boot.php(67): CodeIgniter\Boot::runCodeIgniter()
12 FCPATH/index.php(56): CodeIgniter\Boot::bootWeb()
CRITICAL - 2024-05-06 06:17:24 --> [Caused by] mysqli_sql_exception: Table 'gestionUe.inscription' doesn't exist
in SYSTEMPATH/Database/MySQLi/Connection.php on line 308.
 1 SYSTEMPATH/Database/MySQLi/Connection.php(308): mysqli->query()
 2 SYSTEMPATH/Database/BaseConnection.php(722): CodeIgniter\Database\MySQLi\Connection->execute()
 3 SYSTEMPATH/Database/BaseConnection.php(636): CodeIgniter\Database\BaseConnection->simpleQuery()
 4 SYSTEMPATH/Database/BaseBuilder.php(1713): CodeIgniter\Database\BaseConnection->query()
 5 SYSTEMPATH/Model.php(667): CodeIgniter\Database\BaseBuilder->countAllResults()
 6 APPPATH/Models/Etudiant.php(14): CodeIgniter\Model->countAllResults()
 7 APPPATH/Controllers/Back.php(259): App\Models\Etudiant->getTotal()
 8 SYSTEMPATH/CodeIgniter.php(933): App\Controllers\Back->nEtudiant()
 9 SYSTEMPATH/CodeIgniter.php(509): CodeIgniter\CodeIgniter->runController()
10 SYSTEMPATH/CodeIgniter.php(355): CodeIgniter\CodeIgniter->handleRequest()
11 SYSTEMPATH/Boot.php(312): CodeIgniter\CodeIgniter->run()
12 SYSTEMPATH/Boot.php(67): CodeIgniter\Boot::runCodeIgniter()
13 FCPATH/index.php(56): CodeIgniter\Boot::bootWeb()
ERROR - 2024-05-06 06:17:25 --> mysqli_sql_exception: Table 'gestionUe.inscription' doesn't exist in /var/www/UE/system/Database/MySQLi/Connection.php:308
Stack trace:
#0 /var/www/UE/system/Database/MySQLi/Connection.php(308): mysqli->query()
#1 /var/www/UE/system/Database/BaseConnection.php(722): CodeIgniter\Database\MySQLi\Connection->execute()
#2 /var/www/UE/system/Database/BaseConnection.php(636): CodeIgniter\Database\BaseConnection->simpleQuery()
#3 /var/www/UE/system/Database/BaseBuilder.php(1713): CodeIgniter\Database\BaseConnection->query()
#4 /var/www/UE/system/Model.php(667): CodeIgniter\Database\BaseBuilder->countAllResults()
#5 /var/www/UE/app/Models/Etudiant.php(14): CodeIgniter\Model->countAllResults()
#6 /var/www/UE/app/Controllers/Back.php(259): App\Models\Etudiant->getTotal()
#7 /var/www/UE/system/CodeIgniter.php(933): App\Controllers\Back->nEtudiant()
#8 /var/www/UE/system/CodeIgniter.php(509): CodeIgniter\CodeIgniter->runController()
#9 /var/www/UE/system/CodeIgniter.php(355): CodeIgniter\CodeIgniter->handleRequest()
#10 /var/www/UE/system/Boot.php(312): CodeIgniter\CodeIgniter->run()
#11 /var/www/UE/system/Boot.php(67): CodeIgniter\Boot::runCodeIgniter()
#12 /var/www/UE/public/index.php(56): CodeIgniter\Boot::bootWeb()
#13 {main}
CRITICAL - 2024-05-06 06:17:25 --> CodeIgniter\Database\Exceptions\DatabaseException: Table 'gestionUe.inscription' doesn't exist
[Method: POST, Route: Back/nEtudiant]
in SYSTEMPATH/Database/BaseConnection.php on line 676.
 1 SYSTEMPATH/Database/BaseBuilder.php(1713): CodeIgniter\Database\BaseConnection->query()
 2 SYSTEMPATH/Model.php(667): CodeIgniter\Database\BaseBuilder->countAllResults()
 3 APPPATH/Models/Etudiant.php(14): CodeIgniter\Model->countAllResults()
 4 APPPATH/Controllers/Back.php(259): App\Models\Etudiant->getTotal()
 5 SYSTEMPATH/CodeIgniter.php(933): App\Controllers\Back->nEtudiant()
 6 SYSTEMPATH/CodeIgniter.php(509): CodeIgniter\CodeIgniter->runController()
 7 SYSTEMPATH/CodeIgniter.php(355): CodeIgniter\CodeIgniter->handleRequest()
 8 SYSTEMPATH/Boot.php(312): CodeIgniter\CodeIgniter->run()
 9 SYSTEMPATH/Boot.php(67): CodeIgniter\Boot::runCodeIgniter()
10 FCPATH/index.php(56): CodeIgniter\Boot::bootWeb()
CRITICAL - 2024-05-06 06:17:25 --> [Caused by] CodeIgniter\Database\Exceptions\DatabaseException: Table 'gestionUe.inscription' doesn't exist
in SYSTEMPATH/Database/MySQLi/Connection.php on line 313.
 1 SYSTEMPATH/Database/BaseConnection.php(722): CodeIgniter\Database\MySQLi\Connection->execute()
 2 SYSTEMPATH/Database/BaseConnection.php(636): CodeIgniter\Database\BaseConnection->simpleQuery()
 3 SYSTEMPATH/Database/BaseBuilder.php(1713): CodeIgniter\Database\BaseConnection->query()
 4 SYSTEMPATH/Model.php(667): CodeIgniter\Database\BaseBuilder->countAllResults()
 5 APPPATH/Models/Etudiant.php(14): CodeIgniter\Model->countAllResults()
 6 APPPATH/Controllers/Back.php(259): App\Models\Etudiant->getTotal()
 7 SYSTEMPATH/CodeIgniter.php(933): App\Controllers\Back->nEtudiant()
 8 SYSTEMPATH/CodeIgniter.php(509): CodeIgniter\CodeIgniter->runController()
 9 SYSTEMPATH/CodeIgniter.php(355): CodeIgniter\CodeIgniter->handleRequest()
10 SYSTEMPATH/Boot.php(312): CodeIgniter\CodeIgniter->run()
11 SYSTEMPATH/Boot.php(67): CodeIgniter\Boot::runCodeIgniter()
12 FCPATH/index.php(56): CodeIgniter\Boot::bootWeb()
CRITICAL - 2024-05-06 06:17:25 --> [Caused by] mysqli_sql_exception: Table 'gestionUe.inscription' doesn't exist
in SYSTEMPATH/Database/MySQLi/Connection.php on line 308.
 1 SYSTEMPATH/Database/MySQLi/Connection.php(308): mysqli->query()
 2 SYSTEMPATH/Database/BaseConnection.php(722): CodeIgniter\Database\MySQLi\Connection->execute()
 3 SYSTEMPATH/Database/BaseConnection.php(636): CodeIgniter\Database\BaseConnection->simpleQuery()
 4 SYSTEMPATH/Database/BaseBuilder.php(1713): CodeIgniter\Database\BaseConnection->query()
 5 SYSTEMPATH/Model.php(667): CodeIgniter\Database\BaseBuilder->countAllResults()
 6 APPPATH/Models/Etudiant.php(14): CodeIgniter\Model->countAllResults()
 7 APPPATH/Controllers/Back.php(259): App\Models\Etudiant->getTotal()
 8 SYSTEMPATH/CodeIgniter.php(933): App\Controllers\Back->nEtudiant()
 9 SYSTEMPATH/CodeIgniter.php(509): CodeIgniter\CodeIgniter->runController()
10 SYSTEMPATH/CodeIgniter.php(355): CodeIgniter\CodeIgniter->handleRequest()
11 SYSTEMPATH/Boot.php(312): CodeIgniter\CodeIgniter->run()
12 SYSTEMPATH/Boot.php(67): CodeIgniter\Boot::runCodeIgniter()
13 FCPATH/index.php(56): CodeIgniter\Boot::bootWeb()
ERROR - 2024-05-06 06:17:26 --> mysqli_sql_exception: Table 'gestionUe.inscription' doesn't exist in /var/www/UE/system/Database/MySQLi/Connection.php:308
Stack trace:
#0 /var/www/UE/system/Database/MySQLi/Connection.php(308): mysqli->query()
#1 /var/www/UE/system/Database/BaseConnection.php(722): CodeIgniter\Database\MySQLi\Connection->execute()
#2 /var/www/UE/system/Database/BaseConnection.php(636): CodeIgniter\Database\BaseConnection->simpleQuery()
#3 /var/www/UE/system/Database/BaseBuilder.php(1713): CodeIgniter\Database\BaseConnection->query()
#4 /var/www/UE/system/Model.php(667): CodeIgniter\Database\BaseBuilder->countAllResults()
#5 /var/www/UE/app/Models/Etudiant.php(14): CodeIgniter\Model->countAllResults()
#6 /var/www/UE/app/Controllers/Back.php(259): App\Models\Etudiant->getTotal()
#7 /var/www/UE/system/CodeIgniter.php(933): App\Controllers\Back->nEtudiant()
#8 /var/www/UE/system/CodeIgniter.php(509): CodeIgniter\CodeIgniter->runController()
#9 /var/www/UE/system/CodeIgniter.php(355): CodeIgniter\CodeIgniter->handleRequest()
#10 /var/www/UE/system/Boot.php(312): CodeIgniter\CodeIgniter->run()
#11 /var/www/UE/system/Boot.php(67): CodeIgniter\Boot::runCodeIgniter()
#12 /var/www/UE/public/index.php(56): CodeIgniter\Boot::bootWeb()
#13 {main}
CRITICAL - 2024-05-06 06:17:26 --> CodeIgniter\Database\Exceptions\DatabaseException: Table 'gestionUe.inscription' doesn't exist
[Method: POST, Route: Back/nEtudiant]
in SYSTEMPATH/Database/BaseConnection.php on line 676.
 1 SYSTEMPATH/Database/BaseBuilder.php(1713): CodeIgniter\Database\BaseConnection->query()
 2 SYSTEMPATH/Model.php(667): CodeIgniter\Database\BaseBuilder->countAllResults()
 3 APPPATH/Models/Etudiant.php(14): CodeIgniter\Model->countAllResults()
 4 APPPATH/Controllers/Back.php(259): App\Models\Etudiant->getTotal()
 5 SYSTEMPATH/CodeIgniter.php(933): App\Controllers\Back->nEtudiant()
 6 SYSTEMPATH/CodeIgniter.php(509): CodeIgniter\CodeIgniter->runController()
 7 SYSTEMPATH/CodeIgniter.php(355): CodeIgniter\CodeIgniter->handleRequest()
 8 SYSTEMPATH/Boot.php(312): CodeIgniter\CodeIgniter->run()
 9 SYSTEMPATH/Boot.php(67): CodeIgniter\Boot::runCodeIgniter()
10 FCPATH/index.php(56): CodeIgniter\Boot::bootWeb()
CRITICAL - 2024-05-06 06:17:26 --> [Caused by] CodeIgniter\Database\Exceptions\DatabaseException: Table 'gestionUe.inscription' doesn't exist
in SYSTEMPATH/Database/MySQLi/Connection.php on line 313.
 1 SYSTEMPATH/Database/BaseConnection.php(722): CodeIgniter\Database\MySQLi\Connection->execute()
 2 SYSTEMPATH/Database/BaseConnection.php(636): CodeIgniter\Database\BaseConnection->simpleQuery()
 3 SYSTEMPATH/Database/BaseBuilder.php(1713): CodeIgniter\Database\BaseConnection->query()
 4 SYSTEMPATH/Model.php(667): CodeIgniter\Database\BaseBuilder->countAllResults()
 5 APPPATH/Models/Etudiant.php(14): CodeIgniter\Model->countAllResults()
 6 APPPATH/Controllers/Back.php(259): App\Models\Etudiant->getTotal()
 7 SYSTEMPATH/CodeIgniter.php(933): App\Controllers\Back->nEtudiant()
 8 SYSTEMPATH/CodeIgniter.php(509): CodeIgniter\CodeIgniter->runController()
 9 SYSTEMPATH/CodeIgniter.php(355): CodeIgniter\CodeIgniter->handleRequest()
10 SYSTEMPATH/Boot.php(312): CodeIgniter\CodeIgniter->run()
11 SYSTEMPATH/Boot.php(67): CodeIgniter\Boot::runCodeIgniter()
12 FCPATH/index.php(56): CodeIgniter\Boot::bootWeb()
CRITICAL - 2024-05-06 06:17:26 --> [Caused by] mysqli_sql_exception: Table 'gestionUe.inscription' doesn't exist
in SYSTEMPATH/Database/MySQLi/Connection.php on line 308.
 1 SYSTEMPATH/Database/MySQLi/Connection.php(308): mysqli->query()
 2 SYSTEMPATH/Database/BaseConnection.php(722): CodeIgniter\Database\MySQLi\Connection->execute()
 3 SYSTEMPATH/Database/BaseConnection.php(636): CodeIgniter\Database\BaseConnection->simpleQuery()
 4 SYSTEMPATH/Database/BaseBuilder.php(1713): CodeIgniter\Database\BaseConnection->query()
 5 SYSTEMPATH/Model.php(667): CodeIgniter\Database\BaseBuilder->countAllResults()
 6 APPPATH/Models/Etudiant.php(14): CodeIgniter\Model->countAllResults()
 7 APPPATH/Controllers/Back.php(259): App\Models\Etudiant->getTotal()
 8 SYSTEMPATH/CodeIgniter.php(933): App\Controllers\Back->nEtudiant()
 9 SYSTEMPATH/CodeIgniter.php(509): CodeIgniter\CodeIgniter->runController()
10 SYSTEMPATH/CodeIgniter.php(355): CodeIgniter\CodeIgniter->handleRequest()
11 SYSTEMPATH/Boot.php(312): CodeIgniter\CodeIgniter->run()
12 SYSTEMPATH/Boot.php(67): CodeIgniter\Boot::runCodeIgniter()
13 FCPATH/index.php(56): CodeIgniter\Boot::bootWeb()
ERROR - 2024-05-06 06:17:26 --> mysqli_sql_exception: Table 'gestionUe.inscription' doesn't exist in /var/www/UE/system/Database/MySQLi/Connection.php:308
Stack trace:
#0 /var/www/UE/system/Database/MySQLi/Connection.php(308): mysqli->query()
#1 /var/www/UE/system/Database/BaseConnection.php(722): CodeIgniter\Database\MySQLi\Connection->execute()
#2 /var/www/UE/system/Database/BaseConnection.php(636): CodeIgniter\Database\BaseConnection->simpleQuery()
#3 /var/www/UE/system/Database/BaseBuilder.php(1713): CodeIgniter\Database\BaseConnection->query()
#4 /var/www/UE/system/Model.php(667): CodeIgniter\Database\BaseBuilder->countAllResults()
#5 /var/www/UE/app/Models/Etudiant.php(14): CodeIgniter\Model->countAllResults()
#6 /var/www/UE/app/Controllers/Back.php(259): App\Models\Etudiant->getTotal()
#7 /var/www/UE/system/CodeIgniter.php(933): App\Controllers\Back->nEtudiant()
#8 /var/www/UE/system/CodeIgniter.php(509): CodeIgniter\CodeIgniter->runController()
#9 /var/www/UE/system/CodeIgniter.php(355): CodeIgniter\CodeIgniter->handleRequest()
#10 /var/www/UE/system/Boot.php(312): CodeIgniter\CodeIgniter->run()
#11 /var/www/UE/system/Boot.php(67): CodeIgniter\Boot::runCodeIgniter()
#12 /var/www/UE/public/index.php(56): CodeIgniter\Boot::bootWeb()
#13 {main}
CRITICAL - 2024-05-06 06:17:26 --> CodeIgniter\Database\Exceptions\DatabaseException: Table 'gestionUe.inscription' doesn't exist
[Method: POST, Route: Back/nEtudiant]
in SYSTEMPATH/Database/BaseConnection.php on line 676.
 1 SYSTEMPATH/Database/BaseBuilder.php(1713): CodeIgniter\Database\BaseConnection->query()
 2 SYSTEMPATH/Model.php(667): CodeIgniter\Database\BaseBuilder->countAllResults()
 3 APPPATH/Models/Etudiant.php(14): CodeIgniter\Model->countAllResults()
 4 APPPATH/Controllers/Back.php(259): App\Models\Etudiant->getTotal()
 5 SYSTEMPATH/CodeIgniter.php(933): App\Controllers\Back->nEtudiant()
 6 SYSTEMPATH/CodeIgniter.php(509): CodeIgniter\CodeIgniter->runController()
 7 SYSTEMPATH/CodeIgniter.php(355): CodeIgniter\CodeIgniter->handleRequest()
 8 SYSTEMPATH/Boot.php(312): CodeIgniter\CodeIgniter->run()
 9 SYSTEMPATH/Boot.php(67): CodeIgniter\Boot::runCodeIgniter()
10 FCPATH/index.php(56): CodeIgniter\Boot::bootWeb()
CRITICAL - 2024-05-06 06:17:26 --> [Caused by] CodeIgniter\Database\Exceptions\DatabaseException: Table 'gestionUe.inscription' doesn't exist
in SYSTEMPATH/Database/MySQLi/Connection.php on line 313.
 1 SYSTEMPATH/Database/BaseConnection.php(722): CodeIgniter\Database\MySQLi\Connection->execute()
 2 SYSTEMPATH/Database/BaseConnection.php(636): CodeIgniter\Database\BaseConnection->simpleQuery()
 3 SYSTEMPATH/Database/BaseBuilder.php(1713): CodeIgniter\Database\BaseConnection->query()
 4 SYSTEMPATH/Model.php(667): CodeIgniter\Database\BaseBuilder->countAllResults()
 5 APPPATH/Models/Etudiant.php(14): CodeIgniter\Model->countAllResults()
 6 APPPATH/Controllers/Back.php(259): App\Models\Etudiant->getTotal()
 7 SYSTEMPATH/CodeIgniter.php(933): App\Controllers\Back->nEtudiant()
 8 SYSTEMPATH/CodeIgniter.php(509): CodeIgniter\CodeIgniter->runController()
 9 SYSTEMPATH/CodeIgniter.php(355): CodeIgniter\CodeIgniter->handleRequest()
10 SYSTEMPATH/Boot.php(312): CodeIgniter\CodeIgniter->run()
11 SYSTEMPATH/Boot.php(67): CodeIgniter\Boot::runCodeIgniter()
12 FCPATH/index.php(56): CodeIgniter\Boot::bootWeb()
CRITICAL - 2024-05-06 06:17:26 --> [Caused by] mysqli_sql_exception: Table 'gestionUe.inscription' doesn't exist
in SYSTEMPATH/Database/MySQLi/Connection.php on line 308.
 1 SYSTEMPATH/Database/MySQLi/Connection.php(308): mysqli->query()
 2 SYSTEMPATH/Database/BaseConnection.php(722): CodeIgniter\Database\MySQLi\Connection->execute()
 3 SYSTEMPATH/Database/BaseConnection.php(636): CodeIgniter\Database\BaseConnection->simpleQuery()
 4 SYSTEMPATH/Database/BaseBuilder.php(1713): CodeIgniter\Database\BaseConnection->query()
 5 SYSTEMPATH/Model.php(667): CodeIgniter\Database\BaseBuilder->countAllResults()
 6 APPPATH/Models/Etudiant.php(14): CodeIgniter\Model->countAllResults()
 7 APPPATH/Controllers/Back.php(259): App\Models\Etudiant->getTotal()
 8 SYSTEMPATH/CodeIgniter.php(933): App\Controllers\Back->nEtudiant()
 9 SYSTEMPATH/CodeIgniter.php(509): CodeIgniter\CodeIgniter->runController()
10 SYSTEMPATH/CodeIgniter.php(355): CodeIgniter\CodeIgniter->handleRequest()
11 SYSTEMPATH/Boot.php(312): CodeIgniter\CodeIgniter->run()
12 SYSTEMPATH/Boot.php(67): CodeIgniter\Boot::runCodeIgniter()
13 FCPATH/index.php(56): CodeIgniter\Boot::bootWeb()
ERROR - 2024-05-06 06:17:28 --> mysqli_sql_exception: Table 'gestionUe.inscription' doesn't exist in /var/www/UE/system/Database/MySQLi/Connection.php:308
Stack trace:
#0 /var/www/UE/system/Database/MySQLi/Connection.php(308): mysqli->query()
#1 /var/www/UE/system/Database/BaseConnection.php(722): CodeIgniter\Database\MySQLi\Connection->execute()
#2 /var/www/UE/system/Database/BaseConnection.php(636): CodeIgniter\Database\BaseConnection->simpleQuery()
#3 /var/www/UE/system/Database/BaseBuilder.php(1713): CodeIgniter\Database\BaseConnection->query()
#4 /var/www/UE/system/Model.php(667): CodeIgniter\Database\BaseBuilder->countAllResults()
#5 /var/www/UE/app/Models/Etudiant.php(14): CodeIgniter\Model->countAllResults()
#6 /var/www/UE/app/Controllers/Back.php(259): App\Models\Etudiant->getTotal()
#7 /var/www/UE/system/CodeIgniter.php(933): App\Controllers\Back->nEtudiant()
#8 /var/www/UE/system/CodeIgniter.php(509): CodeIgniter\CodeIgniter->runController()
#9 /var/www/UE/system/CodeIgniter.php(355): CodeIgniter\CodeIgniter->handleRequest()
#10 /var/www/UE/system/Boot.php(312): CodeIgniter\CodeIgniter->run()
#11 /var/www/UE/system/Boot.php(67): CodeIgniter\Boot::runCodeIgniter()
#12 /var/www/UE/public/index.php(56): CodeIgniter\Boot::bootWeb()
#13 {main}
CRITICAL - 2024-05-06 06:17:28 --> CodeIgniter\Database\Exceptions\DatabaseException: Table 'gestionUe.inscription' doesn't exist
[Method: POST, Route: Back/nEtudiant]
in SYSTEMPATH/Database/BaseConnection.php on line 676.
 1 SYSTEMPATH/Database/BaseBuilder.php(1713): CodeIgniter\Database\BaseConnection->query()
 2 SYSTEMPATH/Model.php(667): CodeIgniter\Database\BaseBuilder->countAllResults()
 3 APPPATH/Models/Etudiant.php(14): CodeIgniter\Model->countAllResults()
 4 APPPATH/Controllers/Back.php(259): App\Models\Etudiant->getTotal()
 5 SYSTEMPATH/CodeIgniter.php(933): App\Controllers\Back->nEtudiant()
 6 SYSTEMPATH/CodeIgniter.php(509): CodeIgniter\CodeIgniter->runController()
 7 SYSTEMPATH/CodeIgniter.php(355): CodeIgniter\CodeIgniter->handleRequest()
 8 SYSTEMPATH/Boot.php(312): CodeIgniter\CodeIgniter->run()
 9 SYSTEMPATH/Boot.php(67): CodeIgniter\Boot::runCodeIgniter()
10 FCPATH/index.php(56): CodeIgniter\Boot::bootWeb()
CRITICAL - 2024-05-06 06:17:28 --> [Caused by] CodeIgniter\Database\Exceptions\DatabaseException: Table 'gestionUe.inscription' doesn't exist
in SYSTEMPATH/Database/MySQLi/Connection.php on line 313.
 1 SYSTEMPATH/Database/BaseConnection.php(722): CodeIgniter\Database\MySQLi\Connection->execute()
 2 SYSTEMPATH/Database/BaseConnection.php(636): CodeIgniter\Database\BaseConnection->simpleQuery()
 3 SYSTEMPATH/Database/BaseBuilder.php(1713): CodeIgniter\Database\BaseConnection->query()
 4 SYSTEMPATH/Model.php(667): CodeIgniter\Database\BaseBuilder->countAllResults()
 5 APPPATH/Models/Etudiant.php(14): CodeIgniter\Model->countAllResults()
 6 APPPATH/Controllers/Back.php(259): App\Models\Etudiant->getTotal()
 7 SYSTEMPATH/CodeIgniter.php(933): App\Controllers\Back->nEtudiant()
 8 SYSTEMPATH/CodeIgniter.php(509): CodeIgniter\CodeIgniter->runController()
 9 SYSTEMPATH/CodeIgniter.php(355): CodeIgniter\CodeIgniter->handleRequest()
10 SYSTEMPATH/Boot.php(312): CodeIgniter\CodeIgniter->run()
11 SYSTEMPATH/Boot.php(67): CodeIgniter\Boot::runCodeIgniter()
12 FCPATH/index.php(56): CodeIgniter\Boot::bootWeb()
CRITICAL - 2024-05-06 06:17:28 --> [Caused by] mysqli_sql_exception: Table 'gestionUe.inscription' doesn't exist
in SYSTEMPATH/Database/MySQLi/Connection.php on line 308.
 1 SYSTEMPATH/Database/MySQLi/Connection.php(308): mysqli->query()
 2 SYSTEMPATH/Database/BaseConnection.php(722): CodeIgniter\Database\MySQLi\Connection->execute()
 3 SYSTEMPATH/Database/BaseConnection.php(636): CodeIgniter\Database\BaseConnection->simpleQuery()
 4 SYSTEMPATH/Database/BaseBuilder.php(1713): CodeIgniter\Database\BaseConnection->query()
 5 SYSTEMPATH/Model.php(667): CodeIgniter\Database\BaseBuilder->countAllResults()
 6 APPPATH/Models/Etudiant.php(14): CodeIgniter\Model->countAllResults()
 7 APPPATH/Controllers/Back.php(259): App\Models\Etudiant->getTotal()
 8 SYSTEMPATH/CodeIgniter.php(933): App\Controllers\Back->nEtudiant()
 9 SYSTEMPATH/CodeIgniter.php(509): CodeIgniter\CodeIgniter->runController()
10 SYSTEMPATH/CodeIgniter.php(355): CodeIgniter\CodeIgniter->handleRequest()
11 SYSTEMPATH/Boot.php(312): CodeIgniter\CodeIgniter->run()
12 SYSTEMPATH/Boot.php(67): CodeIgniter\Boot::runCodeIgniter()
13 FCPATH/index.php(56): CodeIgniter\Boot::bootWeb()
ERROR - 2024-05-06 06:17:29 --> mysqli_sql_exception: Table 'gestionUe.inscription' doesn't exist in /var/www/UE/system/Database/MySQLi/Connection.php:308
Stack trace:
#0 /var/www/UE/system/Database/MySQLi/Connection.php(308): mysqli->query()
#1 /var/www/UE/system/Database/BaseConnection.php(722): CodeIgniter\Database\MySQLi\Connection->execute()
#2 /var/www/UE/system/Database/BaseConnection.php(636): CodeIgniter\Database\BaseConnection->simpleQuery()
#3 /var/www/UE/system/Database/BaseBuilder.php(1713): CodeIgniter\Database\BaseConnection->query()
#4 /var/www/UE/system/Model.php(667): CodeIgniter\Database\BaseBuilder->countAllResults()
#5 /var/www/UE/app/Models/Etudiant.php(14): CodeIgniter\Model->countAllResults()
#6 /var/www/UE/app/Controllers/Back.php(259): App\Models\Etudiant->getTotal()
#7 /var/www/UE/system/CodeIgniter.php(933): App\Controllers\Back->nEtudiant()
#8 /var/www/UE/system/CodeIgniter.php(509): CodeIgniter\CodeIgniter->runController()
#9 /var/www/UE/system/CodeIgniter.php(355): CodeIgniter\CodeIgniter->handleRequest()
#10 /var/www/UE/system/Boot.php(312): CodeIgniter\CodeIgniter->run()
#11 /var/www/UE/system/Boot.php(67): CodeIgniter\Boot::runCodeIgniter()
#12 /var/www/UE/public/index.php(56): CodeIgniter\Boot::bootWeb()
#13 {main}
CRITICAL - 2024-05-06 06:17:29 --> CodeIgniter\Database\Exceptions\DatabaseException: Table 'gestionUe.inscription' doesn't exist
[Method: POST, Route: Back/nEtudiant]
in SYSTEMPATH/Database/BaseConnection.php on line 676.
 1 SYSTEMPATH/Database/BaseBuilder.php(1713): CodeIgniter\Database\BaseConnection->query()
 2 SYSTEMPATH/Model.php(667): CodeIgniter\Database\BaseBuilder->countAllResults()
 3 APPPATH/Models/Etudiant.php(14): CodeIgniter\Model->countAllResults()
 4 APPPATH/Controllers/Back.php(259): App\Models\Etudiant->getTotal()
 5 SYSTEMPATH/CodeIgniter.php(933): App\Controllers\Back->nEtudiant()
 6 SYSTEMPATH/CodeIgniter.php(509): CodeIgniter\CodeIgniter->runController()
 7 SYSTEMPATH/CodeIgniter.php(355): CodeIgniter\CodeIgniter->handleRequest()
 8 SYSTEMPATH/Boot.php(312): CodeIgniter\CodeIgniter->run()
 9 SYSTEMPATH/Boot.php(67): CodeIgniter\Boot::runCodeIgniter()
10 FCPATH/index.php(56): CodeIgniter\Boot::bootWeb()
CRITICAL - 2024-05-06 06:17:29 --> [Caused by] CodeIgniter\Database\Exceptions\DatabaseException: Table 'gestionUe.inscription' doesn't exist
in SYSTEMPATH/Database/MySQLi/Connection.php on line 313.
 1 SYSTEMPATH/Database/BaseConnection.php(722): CodeIgniter\Database\MySQLi\Connection->execute()
 2 SYSTEMPATH/Database/BaseConnection.php(636): CodeIgniter\Database\BaseConnection->simpleQuery()
 3 SYSTEMPATH/Database/BaseBuilder.php(1713): CodeIgniter\Database\BaseConnection->query()
 4 SYSTEMPATH/Model.php(667): CodeIgniter\Database\BaseBuilder->countAllResults()
 5 APPPATH/Models/Etudiant.php(14): CodeIgniter\Model->countAllResults()
 6 APPPATH/Controllers/Back.php(259): App\Models\Etudiant->getTotal()
 7 SYSTEMPATH/CodeIgniter.php(933): App\Controllers\Back->nEtudiant()
 8 SYSTEMPATH/CodeIgniter.php(509): CodeIgniter\CodeIgniter->runController()
 9 SYSTEMPATH/CodeIgniter.php(355): CodeIgniter\CodeIgniter->handleRequest()
10 SYSTEMPATH/Boot.php(312): CodeIgniter\CodeIgniter->run()
11 SYSTEMPATH/Boot.php(67): CodeIgniter\Boot::runCodeIgniter()
12 FCPATH/index.php(56): CodeIgniter\Boot::bootWeb()
CRITICAL - 2024-05-06 06:17:29 --> [Caused by] mysqli_sql_exception: Table 'gestionUe.inscription' doesn't exist
in SYSTEMPATH/Database/MySQLi/Connection.php on line 308.
 1 SYSTEMPATH/Database/MySQLi/Connection.php(308): mysqli->query()
 2 SYSTEMPATH/Database/BaseConnection.php(722): CodeIgniter\Database\MySQLi\Connection->execute()
 3 SYSTEMPATH/Database/BaseConnection.php(636): CodeIgniter\Database\BaseConnection->simpleQuery()
 4 SYSTEMPATH/Database/BaseBuilder.php(1713): CodeIgniter\Database\BaseConnection->query()
 5 SYSTEMPATH/Model.php(667): CodeIgniter\Database\BaseBuilder->countAllResults()
 6 APPPATH/Models/Etudiant.php(14): CodeIgniter\Model->countAllResults()
 7 APPPATH/Controllers/Back.php(259): App\Models\Etudiant->getTotal()
 8 SYSTEMPATH/CodeIgniter.php(933): App\Controllers\Back->nEtudiant()
 9 SYSTEMPATH/CodeIgniter.php(509): CodeIgniter\CodeIgniter->runController()
10 SYSTEMPATH/CodeIgniter.php(355): CodeIgniter\CodeIgniter->handleRequest()
11 SYSTEMPATH/Boot.php(312): CodeIgniter\CodeIgniter->run()
12 SYSTEMPATH/Boot.php(67): CodeIgniter\Boot::runCodeIgniter()
13 FCPATH/index.php(56): CodeIgniter\Boot::bootWeb()
CRITICAL - 2024-05-06 11:08:15 --> ParseError: syntax error, unexpected token "[", expecting variable or "{" or "$"
[Method: GET, Route: Back/schedule]
in APPPATH/Views/edt.php on line 601.
 1 SYSTEMPATH/View/View.php(237): CodeIgniter\View\View->CodeIgniter\View\{closure}()
 2 SYSTEMPATH/Common.php(1171): CodeIgniter\View\View->render()
 3 APPPATH/Controllers/Back.php(834): view()
 4 SYSTEMPATH/CodeIgniter.php(933): App\Controllers\Back->schedule()
 5 SYSTEMPATH/CodeIgniter.php(509): CodeIgniter\CodeIgniter->runController()
 6 SYSTEMPATH/CodeIgniter.php(355): CodeIgniter\CodeIgniter->handleRequest()
 7 SYSTEMPATH/Boot.php(312): CodeIgniter\CodeIgniter->run()
 8 SYSTEMPATH/Boot.php(67): CodeIgniter\Boot::runCodeIgniter()
 9 FCPATH/index.php(56): CodeIgniter\Boot::bootWeb()
CRITICAL - 2024-05-06 11:08:29 --> ParseError: syntax error, unexpected token "[", expecting variable or "{" or "$"
[Method: GET, Route: Back/schedule]
in APPPATH/Views/edt.php on line 601.
 1 SYSTEMPATH/View/View.php(237): CodeIgniter\View\View->CodeIgniter\View\{closure}()
 2 SYSTEMPATH/Common.php(1171): CodeIgniter\View\View->render()
 3 APPPATH/Controllers/Back.php(834): view()
 4 SYSTEMPATH/CodeIgniter.php(933): App\Controllers\Back->schedule()
 5 SYSTEMPATH/CodeIgniter.php(509): CodeIgniter\CodeIgniter->runController()
 6 SYSTEMPATH/CodeIgniter.php(355): CodeIgniter\CodeIgniter->handleRequest()
 7 SYSTEMPATH/Boot.php(312): CodeIgniter\CodeIgniter->run()
 8 SYSTEMPATH/Boot.php(67): CodeIgniter\Boot::runCodeIgniter()
 9 FCPATH/index.php(56): CodeIgniter\Boot::bootWeb()
CRITICAL - 2024-05-06 11:13:04 --> ParseError: syntax error, unexpected token "[", expecting variable or "{" or "$"
[Method: POST, Route: Back/schedule]
in APPPATH/Views/edt.php on line 601.
 1 SYSTEMPATH/View/View.php(237): CodeIgniter\View\View->CodeIgniter\View\{closure}()
 2 SYSTEMPATH/Common.php(1171): CodeIgniter\View\View->render()
 3 APPPATH/Controllers/Back.php(834): view()
 4 SYSTEMPATH/CodeIgniter.php(933): App\Controllers\Back->schedule()
 5 SYSTEMPATH/CodeIgniter.php(509): CodeIgniter\CodeIgniter->runController()
 6 SYSTEMPATH/CodeIgniter.php(355): CodeIgniter\CodeIgniter->handleRequest()
 7 SYSTEMPATH/Boot.php(312): CodeIgniter\CodeIgniter->run()
 8 SYSTEMPATH/Boot.php(67): CodeIgniter\Boot::runCodeIgniter()
 9 FCPATH/index.php(56): CodeIgniter\Boot::bootWeb()
CRITICAL - 2024-05-06 11:14:02 --> ErrorException: Undefined array key "niveau"
[Method: GET, Route: Back/schedule]
in APPPATH/Views/edt.php on line 596.
 1 APPPATH/Views/edt.php(596): CodeIgniter\Debug\Exceptions->errorHandler()
 2 SYSTEMPATH/View/View.php(234): include('/var/www/UE/app/Views/edt.php')
 3 SYSTEMPATH/View/View.php(237): CodeIgniter\View\View->CodeIgniter\View\{closure}()
 4 SYSTEMPATH/Common.php(1171): CodeIgniter\View\View->render()
 5 APPPATH/Controllers/Back.php(834): view()
 6 SYSTEMPATH/CodeIgniter.php(933): App\Controllers\Back->schedule()
 7 SYSTEMPATH/CodeIgniter.php(509): CodeIgniter\CodeIgniter->runController()
 8 SYSTEMPATH/CodeIgniter.php(355): CodeIgniter\CodeIgniter->handleRequest()
 9 SYSTEMPATH/Boot.php(312): CodeIgniter\CodeIgniter->run()
10 SYSTEMPATH/Boot.php(67): CodeIgniter\Boot::runCodeIgniter()
11 FCPATH/index.php(56): CodeIgniter\Boot::bootWeb()
CRITICAL - 2024-05-06 11:15:06 --> ErrorException: Undefined array key "Type"
[Method: GET, Route: Back/schedule]
in APPPATH/Views/edt.php on line 599.
 1 APPPATH/Views/edt.php(599): CodeIgniter\Debug\Exceptions->errorHandler()
 2 SYSTEMPATH/View/View.php(234): include('/var/www/UE/app/Views/edt.php')
 3 SYSTEMPATH/View/View.php(237): CodeIgniter\View\View->CodeIgniter\View\{closure}()
 4 SYSTEMPATH/Common.php(1171): CodeIgniter\View\View->render()
 5 APPPATH/Controllers/Back.php(834): view()
 6 SYSTEMPATH/CodeIgniter.php(933): App\Controllers\Back->schedule()
 7 SYSTEMPATH/CodeIgniter.php(509): CodeIgniter\CodeIgniter->runController()
 8 SYSTEMPATH/CodeIgniter.php(355): CodeIgniter\CodeIgniter->handleRequest()
 9 SYSTEMPATH/Boot.php(312): CodeIgniter\CodeIgniter->run()
10 SYSTEMPATH/Boot.php(67): CodeIgniter\Boot::runCodeIgniter()
11 FCPATH/index.php(56): CodeIgniter\Boot::bootWeb()
CRITICAL - 2024-05-06 11:15:17 --> ErrorException: Undefined array key "h_edt"
[Method: GET, Route: Back/schedule]
in APPPATH/Views/edt.php on line 603.
 1 APPPATH/Views/edt.php(603): CodeIgniter\Debug\Exceptions->errorHandler()
 2 SYSTEMPATH/View/View.php(234): include('/var/www/UE/app/Views/edt.php')
 3 SYSTEMPATH/View/View.php(237): CodeIgniter\View\View->CodeIgniter\View\{closure}()
 4 SYSTEMPATH/Common.php(1171): CodeIgniter\View\View->render()
 5 APPPATH/Controllers/Back.php(834): view()
 6 SYSTEMPATH/CodeIgniter.php(933): App\Controllers\Back->schedule()
 7 SYSTEMPATH/CodeIgniter.php(509): CodeIgniter\CodeIgniter->runController()
 8 SYSTEMPATH/CodeIgniter.php(355): CodeIgniter\CodeIgniter->handleRequest()
 9 SYSTEMPATH/Boot.php(312): CodeIgniter\CodeIgniter->run()
10 SYSTEMPATH/Boot.php(67): CodeIgniter\Boot::runCodeIgniter()
11 FCPATH/index.php(56): CodeIgniter\Boot::bootWeb()
CRITICAL - 2024-05-06 11:21:50 --> ErrorException: Undefined array key "h_edt"
[Method: GET, Route: Back/schedule]
in APPPATH/Views/edt.php on line 603.
 1 APPPATH/Views/edt.php(603): CodeIgniter\Debug\Exceptions->errorHandler()
 2 SYSTEMPATH/View/View.php(234): include('/var/www/UE/app/Views/edt.php')
 3 SYSTEMPATH/View/View.php(237): CodeIgniter\View\View->CodeIgniter\View\{closure}()
 4 SYSTEMPATH/Common.php(1171): CodeIgniter\View\View->render()
 5 APPPATH/Controllers/Back.php(834): view()
 6 SYSTEMPATH/CodeIgniter.php(933): App\Controllers\Back->schedule()
 7 SYSTEMPATH/CodeIgniter.php(509): CodeIgniter\CodeIgniter->runController()
 8 SYSTEMPATH/CodeIgniter.php(355): CodeIgniter\CodeIgniter->handleRequest()
 9 SYSTEMPATH/Boot.php(312): CodeIgniter\CodeIgniter->run()
10 SYSTEMPATH/Boot.php(67): CodeIgniter\Boot::runCodeIgniter()
11 FCPATH/index.php(56): CodeIgniter\Boot::bootWeb()
CRITICAL - 2024-05-06 11:45:44 --> DivisionByZeroError: Division by zero
[Method: POST, Route: Back/schedule]
in APPPATH/Views/edt.php on line 601.
 1 SYSTEMPATH/View/View.php(234): include()
 2 SYSTEMPATH/View/View.php(237): CodeIgniter\View\View->CodeIgniter\View\{closure}()
 3 SYSTEMPATH/Common.php(1171): CodeIgniter\View\View->render()
 4 APPPATH/Controllers/Back.php(835): view()
 5 SYSTEMPATH/CodeIgniter.php(933): App\Controllers\Back->schedule()
 6 SYSTEMPATH/CodeIgniter.php(509): CodeIgniter\CodeIgniter->runController()
 7 SYSTEMPATH/CodeIgniter.php(355): CodeIgniter\CodeIgniter->handleRequest()
 8 SYSTEMPATH/Boot.php(312): CodeIgniter\CodeIgniter->run()
 9 SYSTEMPATH/Boot.php(67): CodeIgniter\Boot::runCodeIgniter()
10 FCPATH/index.php(56): CodeIgniter\Boot::bootWeb()
CRITICAL - 2024-05-06 11:48:44 --> ErrorException: Undefined variable $l
[Method: POST, Route: Back/schedule]
in APPPATH/Views/edt.php on line 508.
 1 APPPATH/Views/edt.php(508): CodeIgniter\Debug\Exceptions->errorHandler()
 2 SYSTEMPATH/View/View.php(234): include('/var/www/UE/app/Views/edt.php')
 3 SYSTEMPATH/View/View.php(237): CodeIgniter\View\View->CodeIgniter\View\{closure}()
 4 SYSTEMPATH/Common.php(1171): CodeIgniter\View\View->render()
 5 APPPATH/Controllers/Back.php(835): view()
 6 SYSTEMPATH/CodeIgniter.php(933): App\Controllers\Back->schedule()
 7 SYSTEMPATH/CodeIgniter.php(509): CodeIgniter\CodeIgniter->runController()
 8 SYSTEMPATH/CodeIgniter.php(355): CodeIgniter\CodeIgniter->handleRequest()
 9 SYSTEMPATH/Boot.php(312): CodeIgniter\CodeIgniter->run()
10 SYSTEMPATH/Boot.php(67): CodeIgniter\Boot::runCodeIgniter()
11 FCPATH/index.php(56): CodeIgniter\Boot::bootWeb()
CRITICAL - 2024-05-06 11:53:33 --> ErrorException: Undefined array key "Professeur"
[Method: POST, Route: Back/schedule]
in APPPATH/Views/edt.php on line 606.
 1 APPPATH/Views/edt.php(606): CodeIgniter\Debug\Exceptions->errorHandler()
 2 SYSTEMPATH/View/View.php(234): include('/var/www/UE/app/Views/edt.php')
 3 SYSTEMPATH/View/View.php(237): CodeIgniter\View\View->CodeIgniter\View\{closure}()
 4 SYSTEMPATH/Common.php(1171): CodeIgniter\View\View->render()
 5 APPPATH/Controllers/Back.php(835): view()
 6 SYSTEMPATH/CodeIgniter.php(933): App\Controllers\Back->schedule()
 7 SYSTEMPATH/CodeIgniter.php(509): CodeIgniter\CodeIgniter->runController()
 8 SYSTEMPATH/CodeIgniter.php(355): CodeIgniter\CodeIgniter->handleRequest()
 9 SYSTEMPATH/Boot.php(312): CodeIgniter\CodeIgniter->run()
10 SYSTEMPATH/Boot.php(67): CodeIgniter\Boot::runCodeIgniter()
11 FCPATH/index.php(56): CodeIgniter\Boot::bootWeb()
