INFO - 2024-05-14 04:44:06 --> Session: Class initialized using 'CodeIgniter\Session\Handlers\FileHandler' driver.
INFO - 2024-05-14 04:51:16 --> Session: Class initialized using 'CodeIgniter\Session\Handlers\FileHandler' driver.
INFO - 2024-05-14 07:05:41 --> Session: Class initialized using 'CodeIgniter\Session\Handlers\FileHandler' driver.
INFO - 2024-05-14 07:07:21 --> Session: Class initialized using 'CodeIgniter\Session\Handlers\FileHandler' driver.
INFO - 2024-05-14 07:16:13 --> Session: Class initialized using 'CodeIgniter\Session\Handlers\FileHandler' driver.
INFO - 2024-05-14 07:23:31 --> Session: Class initialized using 'CodeIgniter\Session\Handlers\FileHandler' driver.
INFO - 2024-05-14 07:23:36 --> Session: Class initialized using 'CodeIgniter\Session\Handlers\FileHandler' driver.
INFO - 2024-05-14 07:28:32 --> Session: Class initialized using 'CodeIgniter\Session\Handlers\FileHandler' driver.
INFO - 2024-05-14 07:35:43 --> Session: Class initialized using 'CodeIgniter\Session\Handlers\FileHandler' driver.
INFO - 2024-05-14 07:37:56 --> Session: Class initialized using 'CodeIgniter\Session\Handlers\FileHandler' driver.
INFO - 2024-05-14 07:37:56 --> Session: Class initialized using 'CodeIgniter\Session\Handlers\FileHandler' driver.
INFO - 2024-05-14 08:00:19 --> Session: Class initialized using 'CodeIgniter\Session\Handlers\FileHandler' driver.
INFO - 2024-05-14 08:01:55 --> Session: Class initialized using 'CodeIgniter\Session\Handlers\FileHandler' driver.
INFO - 2024-05-14 08:06:23 --> Session: Class initialized using 'CodeIgniter\Session\Handlers\FileHandler' driver.
INFO - 2024-05-14 08:07:31 --> Session: Class initialized using 'CodeIgniter\Session\Handlers\FileHandler' driver.
INFO - 2024-05-14 08:08:22 --> Session: Class initialized using 'CodeIgniter\Session\Handlers\FileHandler' driver.
INFO - 2024-05-14 08:08:22 --> Session: Class initialized using 'CodeIgniter\Session\Handlers\FileHandler' driver.
INFO - 2024-05-14 08:11:41 --> Session: Class initialized using 'CodeIgniter\Session\Handlers\FileHandler' driver.
INFO - 2024-05-14 08:13:10 --> Session: Class initialized using 'CodeIgniter\Session\Handlers\FileHandler' driver.
INFO - 2024-05-14 08:13:10 --> Session: Class initialized using 'CodeIgniter\Session\Handlers\FileHandler' driver.
INFO - 2024-05-14 08:13:47 --> Session: Class initialized using 'CodeIgniter\Session\Handlers\FileHandler' driver.
INFO - 2024-05-14 08:14:56 --> Session: Class initialized using 'CodeIgniter\Session\Handlers\FileHandler' driver.
ERROR - 2024-05-14 08:30:24 --> mysqli_sql_exception: INY in /var/www/UE/system/Database/MySQLi/Connection.php:308
Stack trace:
#0 /var/www/UE/system/Database/MySQLi/Connection.php(308): mysqli->query()
#1 /var/www/UE/system/Database/BaseConnection.php(722): CodeIgniter\Database\MySQLi\Connection->execute()
#2 /var/www/UE/system/Database/BaseConnection.php(636): CodeIgniter\Database\BaseConnection->simpleQuery()
#3 /var/www/UE/system/Database/BaseBuilder.php(2325): CodeIgniter\Database\BaseConnection->query()
#4 /var/www/UE/system/Model.php(383): CodeIgniter\Database\BaseBuilder->insert()
#5 /var/www/UE/system/BaseModel.php(840): CodeIgniter\Model->doInsert()
#6 /var/www/UE/system/Model.php(791): CodeIgniter\BaseModel->insert()
#7 /var/www/UE/app/Controllers/Back.php(548): CodeIgniter\Model->insert()
#8 /var/www/UE/system/CodeIgniter.php(933): App\Controllers\Back->insert()
#9 /var/www/UE/system/CodeIgniter.php(509): CodeIgniter\CodeIgniter->runController()
#10 /var/www/UE/system/CodeIgniter.php(355): CodeIgniter\CodeIgniter->handleRequest()
#11 /var/www/UE/system/Boot.php(312): CodeIgniter\CodeIgniter->run()
#12 /var/www/UE/system/Boot.php(67): CodeIgniter\Boot::runCodeIgniter()
#13 /var/www/UE/public/index.php(56): CodeIgniter\Boot::bootWeb()
#14 {main}
ERROR - 2024-05-14 08:30:24 --> mysqli_sql_exception: INY in /var/www/UE/system/Database/MySQLi/Connection.php:308
Stack trace:
#0 /var/www/UE/system/Database/MySQLi/Connection.php(308): mysqli->query()
#1 /var/www/UE/system/Database/BaseConnection.php(722): CodeIgniter\Database\MySQLi\Connection->execute()
#2 /var/www/UE/system/Database/BaseConnection.php(636): CodeIgniter\Database\BaseConnection->simpleQuery()
#3 /var/www/UE/system/Database/BaseBuilder.php(2325): CodeIgniter\Database\BaseConnection->query()
#4 /var/www/UE/system/Model.php(383): CodeIgniter\Database\BaseBuilder->insert()
#5 /var/www/UE/system/BaseModel.php(840): CodeIgniter\Model->doInsert()
#6 /var/www/UE/system/Model.php(791): CodeIgniter\BaseModel->insert()
#7 /var/www/UE/app/Controllers/Back.php(554): CodeIgniter\Model->insert()
#8 /var/www/UE/system/CodeIgniter.php(933): App\Controllers\Back->insert()
#9 /var/www/UE/system/CodeIgniter.php(509): CodeIgniter\CodeIgniter->runController()
#10 /var/www/UE/system/CodeIgniter.php(355): CodeIgniter\CodeIgniter->handleRequest()
#11 /var/www/UE/system/Boot.php(312): CodeIgniter\CodeIgniter->run()
#12 /var/www/UE/system/Boot.php(67): CodeIgniter\Boot::runCodeIgniter()
#13 /var/www/UE/public/index.php(56): CodeIgniter\Boot::bootWeb()
#14 {main}
ERROR - 2024-05-14 08:30:24 --> mysqli_sql_exception: Heure doit depasser de 1h de difference in /var/www/UE/system/Database/MySQLi/Connection.php:308
Stack trace:
#0 /var/www/UE/system/Database/MySQLi/Connection.php(308): mysqli->query()
#1 /var/www/UE/system/Database/BaseConnection.php(722): CodeIgniter\Database\MySQLi\Connection->execute()
#2 /var/www/UE/system/Database/BaseConnection.php(636): CodeIgniter\Database\BaseConnection->simpleQuery()
#3 /var/www/UE/system/Database/BaseBuilder.php(2325): CodeIgniter\Database\BaseConnection->query()
#4 /var/www/UE/system/Model.php(383): CodeIgniter\Database\BaseBuilder->insert()
#5 /var/www/UE/system/BaseModel.php(840): CodeIgniter\Model->doInsert()
#6 /var/www/UE/system/Model.php(791): CodeIgniter\BaseModel->insert()
#7 /var/www/UE/app/Controllers/Back.php(585): CodeIgniter\Model->insert()
#8 /var/www/UE/system/CodeIgniter.php(933): App\Controllers\Back->insert()
#9 /var/www/UE/system/CodeIgniter.php(509): CodeIgniter\CodeIgniter->runController()
#10 /var/www/UE/system/CodeIgniter.php(355): CodeIgniter\CodeIgniter->handleRequest()
#11 /var/www/UE/system/Boot.php(312): CodeIgniter\CodeIgniter->run()
#12 /var/www/UE/system/Boot.php(67): CodeIgniter\Boot::runCodeIgniter()
#13 /var/www/UE/public/index.php(56): CodeIgniter\Boot::bootWeb()
#14 {main}
INFO - 2024-05-14 08:30:24 --> Session: Class initialized using 'CodeIgniter\Session\Handlers\FileHandler' driver.
INFO - 2024-05-14 08:49:07 --> Session: Class initialized using 'CodeIgniter\Session\Handlers\FileHandler' driver.
INFO - 2024-05-14 08:49:12 --> Session: Class initialized using 'CodeIgniter\Session\Handlers\FileHandler' driver.
ERROR - 2024-05-14 08:51:35 --> mysqli_sql_exception: INY in /var/www/UE/system/Database/MySQLi/Connection.php:308
Stack trace:
#0 /var/www/UE/system/Database/MySQLi/Connection.php(308): mysqli->query()
#1 /var/www/UE/system/Database/BaseConnection.php(722): CodeIgniter\Database\MySQLi\Connection->execute()
#2 /var/www/UE/system/Database/BaseConnection.php(636): CodeIgniter\Database\BaseConnection->simpleQuery()
#3 /var/www/UE/system/Database/BaseBuilder.php(2325): CodeIgniter\Database\BaseConnection->query()
#4 /var/www/UE/system/Model.php(383): CodeIgniter\Database\BaseBuilder->insert()
#5 /var/www/UE/system/BaseModel.php(840): CodeIgniter\Model->doInsert()
#6 /var/www/UE/system/Model.php(791): CodeIgniter\BaseModel->insert()
#7 /var/www/UE/app/Controllers/Back.php(548): CodeIgniter\Model->insert()
#8 /var/www/UE/system/CodeIgniter.php(933): App\Controllers\Back->insert()
#9 /var/www/UE/system/CodeIgniter.php(509): CodeIgniter\CodeIgniter->runController()
#10 /var/www/UE/system/CodeIgniter.php(355): CodeIgniter\CodeIgniter->handleRequest()
#11 /var/www/UE/system/Boot.php(312): CodeIgniter\CodeIgniter->run()
#12 /var/www/UE/system/Boot.php(67): CodeIgniter\Boot::runCodeIgniter()
#13 /var/www/UE/public/index.php(56): CodeIgniter\Boot::bootWeb()
#14 {main}
ERROR - 2024-05-14 08:51:35 --> mysqli_sql_exception: INY in /var/www/UE/system/Database/MySQLi/Connection.php:308
Stack trace:
#0 /var/www/UE/system/Database/MySQLi/Connection.php(308): mysqli->query()
#1 /var/www/UE/system/Database/BaseConnection.php(722): CodeIgniter\Database\MySQLi\Connection->execute()
#2 /var/www/UE/system/Database/BaseConnection.php(636): CodeIgniter\Database\BaseConnection->simpleQuery()
#3 /var/www/UE/system/Database/BaseBuilder.php(2325): CodeIgniter\Database\BaseConnection->query()
#4 /var/www/UE/system/Model.php(383): CodeIgniter\Database\BaseBuilder->insert()
#5 /var/www/UE/system/BaseModel.php(840): CodeIgniter\Model->doInsert()
#6 /var/www/UE/system/Model.php(791): CodeIgniter\BaseModel->insert()
#7 /var/www/UE/app/Controllers/Back.php(554): CodeIgniter\Model->insert()
#8 /var/www/UE/system/CodeIgniter.php(933): App\Controllers\Back->insert()
#9 /var/www/UE/system/CodeIgniter.php(509): CodeIgniter\CodeIgniter->runController()
#10 /var/www/UE/system/CodeIgniter.php(355): CodeIgniter\CodeIgniter->handleRequest()
#11 /var/www/UE/system/Boot.php(312): CodeIgniter\CodeIgniter->run()
#12 /var/www/UE/system/Boot.php(67): CodeIgniter\Boot::runCodeIgniter()
#13 /var/www/UE/public/index.php(56): CodeIgniter\Boot::bootWeb()
#14 {main}
INFO - 2024-05-14 08:51:36 --> Session: Class initialized using 'CodeIgniter\Session\Handlers\FileHandler' driver.
INFO - 2024-05-14 08:52:26 --> Session: Class initialized using 'CodeIgniter\Session\Handlers\FileHandler' driver.
ERROR - 2024-05-14 08:53:12 --> mysqli_sql_exception: INY in /var/www/UE/system/Database/MySQLi/Connection.php:308
Stack trace:
#0 /var/www/UE/system/Database/MySQLi/Connection.php(308): mysqli->query()
#1 /var/www/UE/system/Database/BaseConnection.php(722): CodeIgniter\Database\MySQLi\Connection->execute()
#2 /var/www/UE/system/Database/BaseConnection.php(636): CodeIgniter\Database\BaseConnection->simpleQuery()
#3 /var/www/UE/system/Database/BaseBuilder.php(2325): CodeIgniter\Database\BaseConnection->query()
#4 /var/www/UE/system/Model.php(383): CodeIgniter\Database\BaseBuilder->insert()
#5 /var/www/UE/system/BaseModel.php(840): CodeIgniter\Model->doInsert()
#6 /var/www/UE/system/Model.php(791): CodeIgniter\BaseModel->insert()
#7 /var/www/UE/app/Controllers/Back.php(548): CodeIgniter\Model->insert()
#8 /var/www/UE/system/CodeIgniter.php(933): App\Controllers\Back->insert()
#9 /var/www/UE/system/CodeIgniter.php(509): CodeIgniter\CodeIgniter->runController()
#10 /var/www/UE/system/CodeIgniter.php(355): CodeIgniter\CodeIgniter->handleRequest()
#11 /var/www/UE/system/Boot.php(312): CodeIgniter\CodeIgniter->run()
#12 /var/www/UE/system/Boot.php(67): CodeIgniter\Boot::runCodeIgniter()
#13 /var/www/UE/public/index.php(56): CodeIgniter\Boot::bootWeb()
#14 {main}
ERROR - 2024-05-14 08:53:12 --> mysqli_sql_exception: INY in /var/www/UE/system/Database/MySQLi/Connection.php:308
Stack trace:
#0 /var/www/UE/system/Database/MySQLi/Connection.php(308): mysqli->query()
#1 /var/www/UE/system/Database/BaseConnection.php(722): CodeIgniter\Database\MySQLi\Connection->execute()
#2 /var/www/UE/system/Database/BaseConnection.php(636): CodeIgniter\Database\BaseConnection->simpleQuery()
#3 /var/www/UE/system/Database/BaseBuilder.php(2325): CodeIgniter\Database\BaseConnection->query()
#4 /var/www/UE/system/Model.php(383): CodeIgniter\Database\BaseBuilder->insert()
#5 /var/www/UE/system/BaseModel.php(840): CodeIgniter\Model->doInsert()
#6 /var/www/UE/system/Model.php(791): CodeIgniter\BaseModel->insert()
#7 /var/www/UE/app/Controllers/Back.php(554): CodeIgniter\Model->insert()
#8 /var/www/UE/system/CodeIgniter.php(933): App\Controllers\Back->insert()
#9 /var/www/UE/system/CodeIgniter.php(509): CodeIgniter\CodeIgniter->runController()
#10 /var/www/UE/system/CodeIgniter.php(355): CodeIgniter\CodeIgniter->handleRequest()
#11 /var/www/UE/system/Boot.php(312): CodeIgniter\CodeIgniter->run()
#12 /var/www/UE/system/Boot.php(67): CodeIgniter\Boot::runCodeIgniter()
#13 /var/www/UE/public/index.php(56): CodeIgniter\Boot::bootWeb()
#14 {main}
ERROR - 2024-05-14 08:53:12 --> mysqli_sql_exception: Duplicate entry '1-18-1-3-5-0' for key 'Classification.ue' in /var/www/UE/system/Database/MySQLi/Connection.php:308
Stack trace:
#0 /var/www/UE/system/Database/MySQLi/Connection.php(308): mysqli->query()
#1 /var/www/UE/system/Database/BaseConnection.php(722): CodeIgniter\Database\MySQLi\Connection->execute()
#2 /var/www/UE/system/Database/BaseConnection.php(636): CodeIgniter\Database\BaseConnection->simpleQuery()
#3 /var/www/UE/system/Database/BaseBuilder.php(2325): CodeIgniter\Database\BaseConnection->query()
#4 /var/www/UE/system/Model.php(383): CodeIgniter\Database\BaseBuilder->insert()
#5 /var/www/UE/system/BaseModel.php(840): CodeIgniter\Model->doInsert()
#6 /var/www/UE/system/Model.php(791): CodeIgniter\BaseModel->insert()
#7 /var/www/UE/app/Controllers/Back.php(585): CodeIgniter\Model->insert()
#8 /var/www/UE/system/CodeIgniter.php(933): App\Controllers\Back->insert()
#9 /var/www/UE/system/CodeIgniter.php(509): CodeIgniter\CodeIgniter->runController()
#10 /var/www/UE/system/CodeIgniter.php(355): CodeIgniter\CodeIgniter->handleRequest()
#11 /var/www/UE/system/Boot.php(312): CodeIgniter\CodeIgniter->run()
#12 /var/www/UE/system/Boot.php(67): CodeIgniter\Boot::runCodeIgniter()
#13 /var/www/UE/public/index.php(56): CodeIgniter\Boot::bootWeb()
#14 {main}
INFO - 2024-05-14 08:53:12 --> Session: Class initialized using 'CodeIgniter\Session\Handlers\FileHandler' driver.
INFO - 2024-05-14 08:53:56 --> Session: Class initialized using 'CodeIgniter\Session\Handlers\FileHandler' driver.
ERROR - 2024-05-14 08:54:20 --> mysqli_sql_exception: INY in /var/www/UE/system/Database/MySQLi/Connection.php:308
Stack trace:
#0 /var/www/UE/system/Database/MySQLi/Connection.php(308): mysqli->query()
#1 /var/www/UE/system/Database/BaseConnection.php(722): CodeIgniter\Database\MySQLi\Connection->execute()
#2 /var/www/UE/system/Database/BaseConnection.php(636): CodeIgniter\Database\BaseConnection->simpleQuery()
#3 /var/www/UE/system/Database/BaseBuilder.php(2325): CodeIgniter\Database\BaseConnection->query()
#4 /var/www/UE/system/Model.php(383): CodeIgniter\Database\BaseBuilder->insert()
#5 /var/www/UE/system/BaseModel.php(840): CodeIgniter\Model->doInsert()
#6 /var/www/UE/system/Model.php(791): CodeIgniter\BaseModel->insert()
#7 /var/www/UE/app/Controllers/Back.php(548): CodeIgniter\Model->insert()
#8 /var/www/UE/system/CodeIgniter.php(933): App\Controllers\Back->insert()
#9 /var/www/UE/system/CodeIgniter.php(509): CodeIgniter\CodeIgniter->runController()
#10 /var/www/UE/system/CodeIgniter.php(355): CodeIgniter\CodeIgniter->handleRequest()
#11 /var/www/UE/system/Boot.php(312): CodeIgniter\CodeIgniter->run()
#12 /var/www/UE/system/Boot.php(67): CodeIgniter\Boot::runCodeIgniter()
#13 /var/www/UE/public/index.php(56): CodeIgniter\Boot::bootWeb()
#14 {main}
ERROR - 2024-05-14 08:54:20 --> mysqli_sql_exception: INY in /var/www/UE/system/Database/MySQLi/Connection.php:308
Stack trace:
#0 /var/www/UE/system/Database/MySQLi/Connection.php(308): mysqli->query()
#1 /var/www/UE/system/Database/BaseConnection.php(722): CodeIgniter\Database\MySQLi\Connection->execute()
#2 /var/www/UE/system/Database/BaseConnection.php(636): CodeIgniter\Database\BaseConnection->simpleQuery()
#3 /var/www/UE/system/Database/BaseBuilder.php(2325): CodeIgniter\Database\BaseConnection->query()
#4 /var/www/UE/system/Model.php(383): CodeIgniter\Database\BaseBuilder->insert()
#5 /var/www/UE/system/BaseModel.php(840): CodeIgniter\Model->doInsert()
#6 /var/www/UE/system/Model.php(791): CodeIgniter\BaseModel->insert()
#7 /var/www/UE/app/Controllers/Back.php(554): CodeIgniter\Model->insert()
#8 /var/www/UE/system/CodeIgniter.php(933): App\Controllers\Back->insert()
#9 /var/www/UE/system/CodeIgniter.php(509): CodeIgniter\CodeIgniter->runController()
#10 /var/www/UE/system/CodeIgniter.php(355): CodeIgniter\CodeIgniter->handleRequest()
#11 /var/www/UE/system/Boot.php(312): CodeIgniter\CodeIgniter->run()
#12 /var/www/UE/system/Boot.php(67): CodeIgniter\Boot::runCodeIgniter()
#13 /var/www/UE/public/index.php(56): CodeIgniter\Boot::bootWeb()
#14 {main}
ERROR - 2024-05-14 08:54:20 --> mysqli_sql_exception: Heure doit etre entre 06h et 18h in /var/www/UE/system/Database/MySQLi/Connection.php:308
Stack trace:
#0 /var/www/UE/system/Database/MySQLi/Connection.php(308): mysqli->query()
#1 /var/www/UE/system/Database/BaseConnection.php(722): CodeIgniter\Database\MySQLi\Connection->execute()
#2 /var/www/UE/system/Database/BaseConnection.php(636): CodeIgniter\Database\BaseConnection->simpleQuery()
#3 /var/www/UE/system/Database/BaseBuilder.php(2325): CodeIgniter\Database\BaseConnection->query()
#4 /var/www/UE/system/Model.php(383): CodeIgniter\Database\BaseBuilder->insert()
#5 /var/www/UE/system/BaseModel.php(840): CodeIgniter\Model->doInsert()
#6 /var/www/UE/system/Model.php(791): CodeIgniter\BaseModel->insert()
#7 /var/www/UE/app/Controllers/Back.php(585): CodeIgniter\Model->insert()
#8 /var/www/UE/system/CodeIgniter.php(933): App\Controllers\Back->insert()
#9 /var/www/UE/system/CodeIgniter.php(509): CodeIgniter\CodeIgniter->runController()
#10 /var/www/UE/system/CodeIgniter.php(355): CodeIgniter\CodeIgniter->handleRequest()
#11 /var/www/UE/system/Boot.php(312): CodeIgniter\CodeIgniter->run()
#12 /var/www/UE/system/Boot.php(67): CodeIgniter\Boot::runCodeIgniter()
#13 /var/www/UE/public/index.php(56): CodeIgniter\Boot::bootWeb()
#14 {main}
INFO - 2024-05-14 08:54:20 --> Session: Class initialized using 'CodeIgniter\Session\Handlers\FileHandler' driver.
ERROR - 2024-05-14 08:55:49 --> mysqli_sql_exception: INY in /var/www/UE/system/Database/MySQLi/Connection.php:308
Stack trace:
#0 /var/www/UE/system/Database/MySQLi/Connection.php(308): mysqli->query()
#1 /var/www/UE/system/Database/BaseConnection.php(722): CodeIgniter\Database\MySQLi\Connection->execute()
#2 /var/www/UE/system/Database/BaseConnection.php(636): CodeIgniter\Database\BaseConnection->simpleQuery()
#3 /var/www/UE/system/Database/BaseBuilder.php(2325): CodeIgniter\Database\BaseConnection->query()
#4 /var/www/UE/system/Model.php(383): CodeIgniter\Database\BaseBuilder->insert()
#5 /var/www/UE/system/BaseModel.php(840): CodeIgniter\Model->doInsert()
#6 /var/www/UE/system/Model.php(791): CodeIgniter\BaseModel->insert()
#7 /var/www/UE/app/Controllers/Back.php(548): CodeIgniter\Model->insert()
#8 /var/www/UE/system/CodeIgniter.php(933): App\Controllers\Back->insert()
#9 /var/www/UE/system/CodeIgniter.php(509): CodeIgniter\CodeIgniter->runController()
#10 /var/www/UE/system/CodeIgniter.php(355): CodeIgniter\CodeIgniter->handleRequest()
#11 /var/www/UE/system/Boot.php(312): CodeIgniter\CodeIgniter->run()
#12 /var/www/UE/system/Boot.php(67): CodeIgniter\Boot::runCodeIgniter()
#13 /var/www/UE/public/index.php(56): CodeIgniter\Boot::bootWeb()
#14 {main}
ERROR - 2024-05-14 08:55:49 --> mysqli_sql_exception: INY in /var/www/UE/system/Database/MySQLi/Connection.php:308
Stack trace:
#0 /var/www/UE/system/Database/MySQLi/Connection.php(308): mysqli->query()
#1 /var/www/UE/system/Database/BaseConnection.php(722): CodeIgniter\Database\MySQLi\Connection->execute()
#2 /var/www/UE/system/Database/BaseConnection.php(636): CodeIgniter\Database\BaseConnection->simpleQuery()
#3 /var/www/UE/system/Database/BaseBuilder.php(2325): CodeIgniter\Database\BaseConnection->query()
#4 /var/www/UE/system/Model.php(383): CodeIgniter\Database\BaseBuilder->insert()
#5 /var/www/UE/system/BaseModel.php(840): CodeIgniter\Model->doInsert()
#6 /var/www/UE/system/Model.php(791): CodeIgniter\BaseModel->insert()
#7 /var/www/UE/app/Controllers/Back.php(554): CodeIgniter\Model->insert()
#8 /var/www/UE/system/CodeIgniter.php(933): App\Controllers\Back->insert()
#9 /var/www/UE/system/CodeIgniter.php(509): CodeIgniter\CodeIgniter->runController()
#10 /var/www/UE/system/CodeIgniter.php(355): CodeIgniter\CodeIgniter->handleRequest()
#11 /var/www/UE/system/Boot.php(312): CodeIgniter\CodeIgniter->run()
#12 /var/www/UE/system/Boot.php(67): CodeIgniter\Boot::runCodeIgniter()
#13 /var/www/UE/public/index.php(56): CodeIgniter\Boot::bootWeb()
#14 {main}
ERROR - 2024-05-14 08:55:49 --> mysqli_sql_exception: Ce professeur n est plus libre en ce jour in /var/www/UE/system/Database/MySQLi/Connection.php:308
Stack trace:
#0 /var/www/UE/system/Database/MySQLi/Connection.php(308): mysqli->query()
#1 /var/www/UE/system/Database/BaseConnection.php(722): CodeIgniter\Database\MySQLi\Connection->execute()
#2 /var/www/UE/system/Database/BaseConnection.php(636): CodeIgniter\Database\BaseConnection->simpleQuery()
#3 /var/www/UE/system/Database/BaseBuilder.php(2325): CodeIgniter\Database\BaseConnection->query()
#4 /var/www/UE/system/Model.php(383): CodeIgniter\Database\BaseBuilder->insert()
#5 /var/www/UE/system/BaseModel.php(840): CodeIgniter\Model->doInsert()
#6 /var/www/UE/system/Model.php(791): CodeIgniter\BaseModel->insert()
#7 /var/www/UE/app/Controllers/Back.php(585): CodeIgniter\Model->insert()
#8 /var/www/UE/system/CodeIgniter.php(933): App\Controllers\Back->insert()
#9 /var/www/UE/system/CodeIgniter.php(509): CodeIgniter\CodeIgniter->runController()
#10 /var/www/UE/system/CodeIgniter.php(355): CodeIgniter\CodeIgniter->handleRequest()
#11 /var/www/UE/system/Boot.php(312): CodeIgniter\CodeIgniter->run()
#12 /var/www/UE/system/Boot.php(67): CodeIgniter\Boot::runCodeIgniter()
#13 /var/www/UE/public/index.php(56): CodeIgniter\Boot::bootWeb()
#14 {main}
INFO - 2024-05-14 08:55:49 --> Session: Class initialized using 'CodeIgniter\Session\Handlers\FileHandler' driver.
ERROR - 2024-05-14 08:57:00 --> mysqli_sql_exception: INY in /var/www/UE/system/Database/MySQLi/Connection.php:308
Stack trace:
#0 /var/www/UE/system/Database/MySQLi/Connection.php(308): mysqli->query()
#1 /var/www/UE/system/Database/BaseConnection.php(722): CodeIgniter\Database\MySQLi\Connection->execute()
#2 /var/www/UE/system/Database/BaseConnection.php(636): CodeIgniter\Database\BaseConnection->simpleQuery()
#3 /var/www/UE/system/Database/BaseBuilder.php(2325): CodeIgniter\Database\BaseConnection->query()
#4 /var/www/UE/system/Model.php(383): CodeIgniter\Database\BaseBuilder->insert()
#5 /var/www/UE/system/BaseModel.php(840): CodeIgniter\Model->doInsert()
#6 /var/www/UE/system/Model.php(791): CodeIgniter\BaseModel->insert()
#7 /var/www/UE/app/Controllers/Back.php(548): CodeIgniter\Model->insert()
#8 /var/www/UE/system/CodeIgniter.php(933): App\Controllers\Back->insert()
#9 /var/www/UE/system/CodeIgniter.php(509): CodeIgniter\CodeIgniter->runController()
#10 /var/www/UE/system/CodeIgniter.php(355): CodeIgniter\CodeIgniter->handleRequest()
#11 /var/www/UE/system/Boot.php(312): CodeIgniter\CodeIgniter->run()
#12 /var/www/UE/system/Boot.php(67): CodeIgniter\Boot::runCodeIgniter()
#13 /var/www/UE/public/index.php(56): CodeIgniter\Boot::bootWeb()
#14 {main}
ERROR - 2024-05-14 08:57:00 --> mysqli_sql_exception: INY in /var/www/UE/system/Database/MySQLi/Connection.php:308
Stack trace:
#0 /var/www/UE/system/Database/MySQLi/Connection.php(308): mysqli->query()
#1 /var/www/UE/system/Database/BaseConnection.php(722): CodeIgniter\Database\MySQLi\Connection->execute()
#2 /var/www/UE/system/Database/BaseConnection.php(636): CodeIgniter\Database\BaseConnection->simpleQuery()
#3 /var/www/UE/system/Database/BaseBuilder.php(2325): CodeIgniter\Database\BaseConnection->query()
#4 /var/www/UE/system/Model.php(383): CodeIgniter\Database\BaseBuilder->insert()
#5 /var/www/UE/system/BaseModel.php(840): CodeIgniter\Model->doInsert()
#6 /var/www/UE/system/Model.php(791): CodeIgniter\BaseModel->insert()
#7 /var/www/UE/app/Controllers/Back.php(554): CodeIgniter\Model->insert()
#8 /var/www/UE/system/CodeIgniter.php(933): App\Controllers\Back->insert()
#9 /var/www/UE/system/CodeIgniter.php(509): CodeIgniter\CodeIgniter->runController()
#10 /var/www/UE/system/CodeIgniter.php(355): CodeIgniter\CodeIgniter->handleRequest()
#11 /var/www/UE/system/Boot.php(312): CodeIgniter\CodeIgniter->run()
#12 /var/www/UE/system/Boot.php(67): CodeIgniter\Boot::runCodeIgniter()
#13 /var/www/UE/public/index.php(56): CodeIgniter\Boot::bootWeb()
#14 {main}
INFO - 2024-05-14 08:57:01 --> Session: Class initialized using 'CodeIgniter\Session\Handlers\FileHandler' driver.
INFO - 2024-05-14 08:57:19 --> Session: Class initialized using 'CodeIgniter\Session\Handlers\FileHandler' driver.
INFO - 2024-05-14 08:57:25 --> Session: Class initialized using 'CodeIgniter\Session\Handlers\FileHandler' driver.
INFO - 2024-05-14 08:57:41 --> Session: Class initialized using 'CodeIgniter\Session\Handlers\FileHandler' driver.
INFO - 2024-05-14 08:57:52 --> Session: Class initialized using 'CodeIgniter\Session\Handlers\FileHandler' driver.
INFO - 2024-05-14 08:57:58 --> Session: Class initialized using 'CodeIgniter\Session\Handlers\FileHandler' driver.
INFO - 2024-05-14 08:58:04 --> Session: Class initialized using 'CodeIgniter\Session\Handlers\FileHandler' driver.
INFO - 2024-05-14 08:58:18 --> Session: Class initialized using 'CodeIgniter\Session\Handlers\FileHandler' driver.
INFO - 2024-05-14 08:58:19 --> Session: Class initialized using 'CodeIgniter\Session\Handlers\FileHandler' driver.
INFO - 2024-05-14 08:59:54 --> Session: Class initialized using 'CodeIgniter\Session\Handlers\FileHandler' driver.
INFO - 2024-05-14 09:01:30 --> Session: Class initialized using 'CodeIgniter\Session\Handlers\FileHandler' driver.
INFO - 2024-05-14 09:01:30 --> Session: Class initialized using 'CodeIgniter\Session\Handlers\FileHandler' driver.
INFO - 2024-05-14 09:01:43 --> Session: Class initialized using 'CodeIgniter\Session\Handlers\FileHandler' driver.
INFO - 2024-05-14 09:04:36 --> Session: Class initialized using 'CodeIgniter\Session\Handlers\FileHandler' driver.
INFO - 2024-05-14 09:05:13 --> Session: Class initialized using 'CodeIgniter\Session\Handlers\FileHandler' driver.
INFO - 2024-05-14 09:20:55 --> Session: Class initialized using 'CodeIgniter\Session\Handlers\FileHandler' driver.
INFO - 2024-05-14 09:52:14 --> Session: Class initialized using 'CodeIgniter\Session\Handlers\FileHandler' driver.
ERROR - 2024-05-14 09:54:25 --> mysqli_sql_exception: INY in /var/www/UE/system/Database/MySQLi/Connection.php:308
Stack trace:
#0 /var/www/UE/system/Database/MySQLi/Connection.php(308): mysqli->query()
#1 /var/www/UE/system/Database/BaseConnection.php(722): CodeIgniter\Database\MySQLi\Connection->execute()
#2 /var/www/UE/system/Database/BaseConnection.php(636): CodeIgniter\Database\BaseConnection->simpleQuery()
#3 /var/www/UE/system/Database/BaseBuilder.php(2325): CodeIgniter\Database\BaseConnection->query()
#4 /var/www/UE/system/Model.php(383): CodeIgniter\Database\BaseBuilder->insert()
#5 /var/www/UE/system/BaseModel.php(840): CodeIgniter\Model->doInsert()
#6 /var/www/UE/system/Model.php(791): CodeIgniter\BaseModel->insert()
#7 /var/www/UE/app/Controllers/Back.php(781): CodeIgniter\Model->insert()
#8 /var/www/UE/system/CodeIgniter.php(933): App\Controllers\Back->update_ecue()
#9 /var/www/UE/system/CodeIgniter.php(509): CodeIgniter\CodeIgniter->runController()
#10 /var/www/UE/system/CodeIgniter.php(355): CodeIgniter\CodeIgniter->handleRequest()
#11 /var/www/UE/system/Boot.php(312): CodeIgniter\CodeIgniter->run()
#12 /var/www/UE/system/Boot.php(67): CodeIgniter\Boot::runCodeIgniter()
#13 /var/www/UE/public/index.php(56): CodeIgniter\Boot::bootWeb()
#14 {main}
ERROR - 2024-05-14 09:54:25 --> mysqli_sql_exception: Heure doit depasser de 1h de difference in /var/www/UE/system/Database/MySQLi/Connection.php:308
Stack trace:
#0 /var/www/UE/system/Database/MySQLi/Connection.php(308): mysqli->query()
#1 /var/www/UE/system/Database/BaseConnection.php(722): CodeIgniter\Database\MySQLi\Connection->execute()
#2 /var/www/UE/system/Database/BaseConnection.php(636): CodeIgniter\Database\BaseConnection->simpleQuery()
#3 /var/www/UE/system/Database/BaseBuilder.php(2497): CodeIgniter\Database\BaseConnection->query()
#4 /var/www/UE/system/Model.php(450): CodeIgniter\Database\BaseBuilder->update()
#5 /var/www/UE/system/BaseModel.php(1028): CodeIgniter\Model->doUpdate()
#6 /var/www/UE/system/Model.php(854): CodeIgniter\BaseModel->update()
#7 /var/www/UE/app/Controllers/Back.php(798): CodeIgniter\Model->update()
#8 /var/www/UE/system/CodeIgniter.php(933): App\Controllers\Back->update_ecue()
#9 /var/www/UE/system/CodeIgniter.php(509): CodeIgniter\CodeIgniter->runController()
#10 /var/www/UE/system/CodeIgniter.php(355): CodeIgniter\CodeIgniter->handleRequest()
#11 /var/www/UE/system/Boot.php(312): CodeIgniter\CodeIgniter->run()
#12 /var/www/UE/system/Boot.php(67): CodeIgniter\Boot::runCodeIgniter()
#13 /var/www/UE/public/index.php(56): CodeIgniter\Boot::bootWeb()
#14 {main}
INFO - 2024-05-14 09:54:25 --> Session: Class initialized using 'CodeIgniter\Session\Handlers\FileHandler' driver.
INFO - 2024-05-14 09:55:01 --> Session: Class initialized using 'CodeIgniter\Session\Handlers\FileHandler' driver.
INFO - 2024-05-14 09:55:03 --> Session: Class initialized using 'CodeIgniter\Session\Handlers\FileHandler' driver.
INFO - 2024-05-14 09:55:25 --> Session: Class initialized using 'CodeIgniter\Session\Handlers\FileHandler' driver.
INFO - 2024-05-14 09:55:45 --> Session: Class initialized using 'CodeIgniter\Session\Handlers\FileHandler' driver.
INFO - 2024-05-14 09:55:52 --> Session: Class initialized using 'CodeIgniter\Session\Handlers\FileHandler' driver.
INFO - 2024-05-14 09:57:33 --> Session: Class initialized using 'CodeIgniter\Session\Handlers\FileHandler' driver.
INFO - 2024-05-14 09:57:48 --> Session: Class initialized using 'CodeIgniter\Session\Handlers\FileHandler' driver.
INFO - 2024-05-14 09:58:05 --> Session: Class initialized using 'CodeIgniter\Session\Handlers\FileHandler' driver.
INFO - 2024-05-14 12:25:59 --> Session: Class initialized using 'CodeIgniter\Session\Handlers\FileHandler' driver.
INFO - 2024-05-14 12:29:38 --> Session: Class initialized using 'CodeIgniter\Session\Handlers\FileHandler' driver.
INFO - 2024-05-14 13:06:08 --> Session: Class initialized using 'CodeIgniter\Session\Handlers\FileHandler' driver.
INFO - 2024-05-14 13:06:27 --> Session: Class initialized using 'CodeIgniter\Session\Handlers\FileHandler' driver.
INFO - 2024-05-14 13:06:30 --> Session: Class initialized using 'CodeIgniter\Session\Handlers\FileHandler' driver.
INFO - 2024-05-14 13:07:06 --> Session: Class initialized using 'CodeIgniter\Session\Handlers\FileHandler' driver.
INFO - 2024-05-14 13:08:12 --> Session: Class initialized using 'CodeIgniter\Session\Handlers\FileHandler' driver.
INFO - 2024-05-14 13:12:07 --> Session: Class initialized using 'CodeIgniter\Session\Handlers\FileHandler' driver.
INFO - 2024-05-14 13:13:21 --> Session: Class initialized using 'CodeIgniter\Session\Handlers\FileHandler' driver.
INFO - 2024-05-14 13:13:21 --> Session: Class initialized using 'CodeIgniter\Session\Handlers\FileHandler' driver.
INFO - 2024-05-14 13:13:54 --> Session: Class initialized using 'CodeIgniter\Session\Handlers\FileHandler' driver.
INFO - 2024-05-14 13:13:57 --> Session: Class initialized using 'CodeIgniter\Session\Handlers\FileHandler' driver.
INFO - 2024-05-14 13:13:58 --> Session: Class initialized using 'CodeIgniter\Session\Handlers\FileHandler' driver.
INFO - 2024-05-14 13:14:00 --> Session: Class initialized using 'CodeIgniter\Session\Handlers\FileHandler' driver.
INFO - 2024-05-14 13:14:01 --> Session: Class initialized using 'CodeIgniter\Session\Handlers\FileHandler' driver.
INFO - 2024-05-14 13:14:09 --> Session: Class initialized using 'CodeIgniter\Session\Handlers\FileHandler' driver.
INFO - 2024-05-14 13:14:19 --> Session: Class initialized using 'CodeIgniter\Session\Handlers\FileHandler' driver.
INFO - 2024-05-14 13:16:04 --> Session: Class initialized using 'CodeIgniter\Session\Handlers\FileHandler' driver.
INFO - 2024-05-14 13:23:01 --> Session: Class initialized using 'CodeIgniter\Session\Handlers\FileHandler' driver.
INFO - 2024-05-14 13:23:33 --> Session: Class initialized using 'CodeIgniter\Session\Handlers\FileHandler' driver.
INFO - 2024-05-14 13:23:33 --> Session: Class initialized using 'CodeIgniter\Session\Handlers\FileHandler' driver.
INFO - 2024-05-14 13:23:38 --> Session: Class initialized using 'CodeIgniter\Session\Handlers\FileHandler' driver.
INFO - 2024-05-14 13:23:40 --> Session: Class initialized using 'CodeIgniter\Session\Handlers\FileHandler' driver.
INFO - 2024-05-14 13:23:44 --> Session: Class initialized using 'CodeIgniter\Session\Handlers\FileHandler' driver.
ERROR - 2024-05-14 13:24:34 --> mysqli_sql_exception: INY in /var/www/UE/system/Database/MySQLi/Connection.php:308
Stack trace:
#0 /var/www/UE/system/Database/MySQLi/Connection.php(308): mysqli->query()
#1 /var/www/UE/system/Database/BaseConnection.php(722): CodeIgniter\Database\MySQLi\Connection->execute()
#2 /var/www/UE/system/Database/BaseConnection.php(636): CodeIgniter\Database\BaseConnection->simpleQuery()
#3 /var/www/UE/system/Database/BaseBuilder.php(2325): CodeIgniter\Database\BaseConnection->query()
#4 /var/www/UE/system/Model.php(383): CodeIgniter\Database\BaseBuilder->insert()
#5 /var/www/UE/system/BaseModel.php(840): CodeIgniter\Model->doInsert()
#6 /var/www/UE/system/Model.php(791): CodeIgniter\BaseModel->insert()
#7 /var/www/UE/app/Controllers/Back.php(548): CodeIgniter\Model->insert()
#8 /var/www/UE/system/CodeIgniter.php(933): App\Controllers\Back->insert()
#9 /var/www/UE/system/CodeIgniter.php(509): CodeIgniter\CodeIgniter->runController()
#10 /var/www/UE/system/CodeIgniter.php(355): CodeIgniter\CodeIgniter->handleRequest()
#11 /var/www/UE/system/Boot.php(312): CodeIgniter\CodeIgniter->run()
#12 /var/www/UE/system/Boot.php(67): CodeIgniter\Boot::runCodeIgniter()
#13 /var/www/UE/public/index.php(56): CodeIgniter\Boot::bootWeb()
#14 {main}
ERROR - 2024-05-14 13:24:34 --> mysqli_sql_exception: INY in /var/www/UE/system/Database/MySQLi/Connection.php:308
Stack trace:
#0 /var/www/UE/system/Database/MySQLi/Connection.php(308): mysqli->query()
#1 /var/www/UE/system/Database/BaseConnection.php(722): CodeIgniter\Database\MySQLi\Connection->execute()
#2 /var/www/UE/system/Database/BaseConnection.php(636): CodeIgniter\Database\BaseConnection->simpleQuery()
#3 /var/www/UE/system/Database/BaseBuilder.php(2325): CodeIgniter\Database\BaseConnection->query()
#4 /var/www/UE/system/Model.php(383): CodeIgniter\Database\BaseBuilder->insert()
#5 /var/www/UE/system/BaseModel.php(840): CodeIgniter\Model->doInsert()
#6 /var/www/UE/system/Model.php(791): CodeIgniter\BaseModel->insert()
#7 /var/www/UE/app/Controllers/Back.php(554): CodeIgniter\Model->insert()
#8 /var/www/UE/system/CodeIgniter.php(933): App\Controllers\Back->insert()
#9 /var/www/UE/system/CodeIgniter.php(509): CodeIgniter\CodeIgniter->runController()
#10 /var/www/UE/system/CodeIgniter.php(355): CodeIgniter\CodeIgniter->handleRequest()
#11 /var/www/UE/system/Boot.php(312): CodeIgniter\CodeIgniter->run()
#12 /var/www/UE/system/Boot.php(67): CodeIgniter\Boot::runCodeIgniter()
#13 /var/www/UE/public/index.php(56): CodeIgniter\Boot::bootWeb()
#14 {main}
ERROR - 2024-05-14 13:24:34 --> mysqli_sql_exception: Heure doit depasser de 1h de difference in /var/www/UE/system/Database/MySQLi/Connection.php:308
Stack trace:
#0 /var/www/UE/system/Database/MySQLi/Connection.php(308): mysqli->query()
#1 /var/www/UE/system/Database/BaseConnection.php(722): CodeIgniter\Database\MySQLi\Connection->execute()
#2 /var/www/UE/system/Database/BaseConnection.php(636): CodeIgniter\Database\BaseConnection->simpleQuery()
#3 /var/www/UE/system/Database/BaseBuilder.php(2325): CodeIgniter\Database\BaseConnection->query()
#4 /var/www/UE/system/Model.php(383): CodeIgniter\Database\BaseBuilder->insert()
#5 /var/www/UE/system/BaseModel.php(840): CodeIgniter\Model->doInsert()
#6 /var/www/UE/system/Model.php(791): CodeIgniter\BaseModel->insert()
#7 /var/www/UE/app/Controllers/Back.php(585): CodeIgniter\Model->insert()
#8 /var/www/UE/system/CodeIgniter.php(933): App\Controllers\Back->insert()
#9 /var/www/UE/system/CodeIgniter.php(509): CodeIgniter\CodeIgniter->runController()
#10 /var/www/UE/system/CodeIgniter.php(355): CodeIgniter\CodeIgniter->handleRequest()
#11 /var/www/UE/system/Boot.php(312): CodeIgniter\CodeIgniter->run()
#12 /var/www/UE/system/Boot.php(67): CodeIgniter\Boot::runCodeIgniter()
#13 /var/www/UE/public/index.php(56): CodeIgniter\Boot::bootWeb()
#14 {main}
INFO - 2024-05-14 13:24:34 --> Session: Class initialized using 'CodeIgniter\Session\Handlers\FileHandler' driver.
INFO - 2024-05-14 13:28:58 --> Session: Class initialized using 'CodeIgniter\Session\Handlers\FileHandler' driver.
INFO - 2024-05-14 13:29:08 --> Session: Class initialized using 'CodeIgniter\Session\Handlers\FileHandler' driver.
INFO - 2024-05-14 13:37:57 --> Session: Class initialized using 'CodeIgniter\Session\Handlers\FileHandler' driver.
INFO - 2024-05-14 13:38:47 --> Session: Class initialized using 'CodeIgniter\Session\Handlers\FileHandler' driver.
INFO - 2024-05-14 13:41:06 --> Session: Class initialized using 'CodeIgniter\Session\Handlers\FileHandler' driver.
INFO - 2024-05-14 13:41:44 --> Session: Class initialized using 'CodeIgniter\Session\Handlers\FileHandler' driver.
INFO - 2024-05-14 13:41:53 --> Session: Class initialized using 'CodeIgniter\Session\Handlers\FileHandler' driver.
INFO - 2024-05-14 13:56:01 --> Session: Class initialized using 'CodeIgniter\Session\Handlers\FileHandler' driver.
INFO - 2024-05-14 13:57:33 --> Session: Class initialized using 'CodeIgniter\Session\Handlers\FileHandler' driver.
INFO - 2024-05-14 13:58:02 --> Session: Class initialized using 'CodeIgniter\Session\Handlers\FileHandler' driver.
INFO - 2024-05-14 13:59:14 --> Session: Class initialized using 'CodeIgniter\Session\Handlers\FileHandler' driver.
INFO - 2024-05-14 13:59:31 --> Session: Class initialized using 'CodeIgniter\Session\Handlers\FileHandler' driver.
INFO - 2024-05-14 14:01:39 --> Session: Class initialized using 'CodeIgniter\Session\Handlers\FileHandler' driver.
INFO - 2024-05-14 14:02:28 --> Session: Class initialized using 'CodeIgniter\Session\Handlers\FileHandler' driver.
INFO - 2024-05-14 14:02:34 --> Session: Class initialized using 'CodeIgniter\Session\Handlers\FileHandler' driver.
INFO - 2024-05-14 14:09:45 --> Session: Class initialized using 'CodeIgniter\Session\Handlers\FileHandler' driver.
INFO - 2024-05-14 14:10:34 --> Session: Class initialized using 'CodeIgniter\Session\Handlers\FileHandler' driver.
INFO - 2024-05-14 14:11:48 --> Session: Class initialized using 'CodeIgniter\Session\Handlers\FileHandler' driver.
INFO - 2024-05-14 14:11:56 --> Session: Class initialized using 'CodeIgniter\Session\Handlers\FileHandler' driver.
INFO - 2024-05-14 14:12:06 --> Session: Class initialized using 'CodeIgniter\Session\Handlers\FileHandler' driver.
INFO - 2024-05-14 14:12:16 --> Session: Class initialized using 'CodeIgniter\Session\Handlers\FileHandler' driver.
INFO - 2024-05-14 14:12:22 --> Session: Class initialized using 'CodeIgniter\Session\Handlers\FileHandler' driver.
INFO - 2024-05-14 14:14:32 --> Session: Class initialized using 'CodeIgniter\Session\Handlers\FileHandler' driver.
INFO - 2024-05-14 14:15:40 --> Session: Class initialized using 'CodeIgniter\Session\Handlers\FileHandler' driver.
INFO - 2024-05-14 14:15:54 --> Session: Class initialized using 'CodeIgniter\Session\Handlers\FileHandler' driver.
INFO - 2024-05-14 14:17:20 --> Session: Class initialized using 'CodeIgniter\Session\Handlers\FileHandler' driver.
INFO - 2024-05-14 14:17:26 --> Session: Class initialized using 'CodeIgniter\Session\Handlers\FileHandler' driver.
INFO - 2024-05-14 14:17:40 --> Session: Class initialized using 'CodeIgniter\Session\Handlers\FileHandler' driver.
INFO - 2024-05-14 14:18:15 --> Session: Class initialized using 'CodeIgniter\Session\Handlers\FileHandler' driver.
INFO - 2024-05-14 14:18:33 --> Session: Class initialized using 'CodeIgniter\Session\Handlers\FileHandler' driver.
INFO - 2024-05-14 14:18:38 --> Session: Class initialized using 'CodeIgniter\Session\Handlers\FileHandler' driver.
INFO - 2024-05-14 14:22:00 --> Session: Class initialized using 'CodeIgniter\Session\Handlers\FileHandler' driver.
INFO - 2024-05-14 14:22:44 --> Session: Class initialized using 'CodeIgniter\Session\Handlers\FileHandler' driver.
INFO - 2024-05-14 14:22:44 --> Session: Class initialized using 'CodeIgniter\Session\Handlers\FileHandler' driver.
INFO - 2024-05-14 14:23:57 --> Session: Class initialized using 'CodeIgniter\Session\Handlers\FileHandler' driver.
INFO - 2024-05-14 14:55:28 --> Session: Class initialized using 'CodeIgniter\Session\Handlers\FileHandler' driver.
INFO - 2024-05-14 15:00:14 --> Session: Class initialized using 'CodeIgniter\Session\Handlers\FileHandler' driver.
INFO - 2024-05-14 15:00:32 --> Session: Class initialized using 'CodeIgniter\Session\Handlers\FileHandler' driver.
INFO - 2024-05-14 15:00:32 --> Session: Class initialized using 'CodeIgniter\Session\Handlers\FileHandler' driver.
ERROR - 2024-05-14 15:02:32 --> mysqli_sql_exception: Vous ne pouvez plus ajouter de UE. On atteint 30 credits pour ce semestre. in /var/www/UE/system/Database/MySQLi/Connection.php:308
Stack trace:
#0 /var/www/UE/system/Database/MySQLi/Connection.php(308): mysqli->query()
#1 /var/www/UE/system/Database/BaseConnection.php(722): CodeIgniter\Database\MySQLi\Connection->execute()
#2 /var/www/UE/system/Database/BaseConnection.php(636): CodeIgniter\Database\BaseConnection->simpleQuery()
#3 /var/www/UE/system/Database/BaseBuilder.php(2325): CodeIgniter\Database\BaseConnection->query()
#4 /var/www/UE/system/Model.php(383): CodeIgniter\Database\BaseBuilder->insert()
#5 /var/www/UE/system/BaseModel.php(840): CodeIgniter\Model->doInsert()
#6 /var/www/UE/system/Model.php(791): CodeIgniter\BaseModel->insert()
#7 /var/www/UE/app/Controllers/Back.php(585): CodeIgniter\Model->insert()
#8 /var/www/UE/system/CodeIgniter.php(933): App\Controllers\Back->insert()
#9 /var/www/UE/system/CodeIgniter.php(509): CodeIgniter\CodeIgniter->runController()
#10 /var/www/UE/system/CodeIgniter.php(355): CodeIgniter\CodeIgniter->handleRequest()
#11 /var/www/UE/system/Boot.php(312): CodeIgniter\CodeIgniter->run()
#12 /var/www/UE/system/Boot.php(67): CodeIgniter\Boot::runCodeIgniter()
#13 /var/www/UE/public/index.php(56): CodeIgniter\Boot::bootWeb()
#14 {main}
INFO - 2024-05-14 15:02:32 --> Session: Class initialized using 'CodeIgniter\Session\Handlers\FileHandler' driver.
ERROR - 2024-05-14 15:04:09 --> mysqli_sql_exception: INY in /var/www/UE/system/Database/MySQLi/Connection.php:308
Stack trace:
#0 /var/www/UE/system/Database/MySQLi/Connection.php(308): mysqli->query()
#1 /var/www/UE/system/Database/BaseConnection.php(722): CodeIgniter\Database\MySQLi\Connection->execute()
#2 /var/www/UE/system/Database/BaseConnection.php(636): CodeIgniter\Database\BaseConnection->simpleQuery()
#3 /var/www/UE/system/Database/BaseBuilder.php(2325): CodeIgniter\Database\BaseConnection->query()
#4 /var/www/UE/system/Model.php(383): CodeIgniter\Database\BaseBuilder->insert()
#5 /var/www/UE/system/BaseModel.php(840): CodeIgniter\Model->doInsert()
#6 /var/www/UE/system/Model.php(791): CodeIgniter\BaseModel->insert()
#7 /var/www/UE/app/Controllers/Back.php(548): CodeIgniter\Model->insert()
#8 /var/www/UE/system/CodeIgniter.php(933): App\Controllers\Back->insert()
#9 /var/www/UE/system/CodeIgniter.php(509): CodeIgniter\CodeIgniter->runController()
#10 /var/www/UE/system/CodeIgniter.php(355): CodeIgniter\CodeIgniter->handleRequest()
#11 /var/www/UE/system/Boot.php(312): CodeIgniter\CodeIgniter->run()
#12 /var/www/UE/system/Boot.php(67): CodeIgniter\Boot::runCodeIgniter()
#13 /var/www/UE/public/index.php(56): CodeIgniter\Boot::bootWeb()
#14 {main}
ERROR - 2024-05-14 15:04:09 --> mysqli_sql_exception: INY in /var/www/UE/system/Database/MySQLi/Connection.php:308
Stack trace:
#0 /var/www/UE/system/Database/MySQLi/Connection.php(308): mysqli->query()
#1 /var/www/UE/system/Database/BaseConnection.php(722): CodeIgniter\Database\MySQLi\Connection->execute()
#2 /var/www/UE/system/Database/BaseConnection.php(636): CodeIgniter\Database\BaseConnection->simpleQuery()
#3 /var/www/UE/system/Database/BaseBuilder.php(2325): CodeIgniter\Database\BaseConnection->query()
#4 /var/www/UE/system/Model.php(383): CodeIgniter\Database\BaseBuilder->insert()
#5 /var/www/UE/system/BaseModel.php(840): CodeIgniter\Model->doInsert()
#6 /var/www/UE/system/Model.php(791): CodeIgniter\BaseModel->insert()
#7 /var/www/UE/app/Controllers/Back.php(554): CodeIgniter\Model->insert()
#8 /var/www/UE/system/CodeIgniter.php(933): App\Controllers\Back->insert()
#9 /var/www/UE/system/CodeIgniter.php(509): CodeIgniter\CodeIgniter->runController()
#10 /var/www/UE/system/CodeIgniter.php(355): CodeIgniter\CodeIgniter->handleRequest()
#11 /var/www/UE/system/Boot.php(312): CodeIgniter\CodeIgniter->run()
#12 /var/www/UE/system/Boot.php(67): CodeIgniter\Boot::runCodeIgniter()
#13 /var/www/UE/public/index.php(56): CodeIgniter\Boot::bootWeb()
#14 {main}
ERROR - 2024-05-14 15:04:09 --> mysqli_sql_exception: Vous ne pouvez plus ajouter de UE. On atteint 30 credits pour ce semestre. in /var/www/UE/system/Database/MySQLi/Connection.php:308
Stack trace:
#0 /var/www/UE/system/Database/MySQLi/Connection.php(308): mysqli->query()
#1 /var/www/UE/system/Database/BaseConnection.php(722): CodeIgniter\Database\MySQLi\Connection->execute()
#2 /var/www/UE/system/Database/BaseConnection.php(636): CodeIgniter\Database\BaseConnection->simpleQuery()
#3 /var/www/UE/system/Database/BaseBuilder.php(2325): CodeIgniter\Database\BaseConnection->query()
#4 /var/www/UE/system/Model.php(383): CodeIgniter\Database\BaseBuilder->insert()
#5 /var/www/UE/system/BaseModel.php(840): CodeIgniter\Model->doInsert()
#6 /var/www/UE/system/Model.php(791): CodeIgniter\BaseModel->insert()
#7 /var/www/UE/app/Controllers/Back.php(585): CodeIgniter\Model->insert()
#8 /var/www/UE/system/CodeIgniter.php(933): App\Controllers\Back->insert()
#9 /var/www/UE/system/CodeIgniter.php(509): CodeIgniter\CodeIgniter->runController()
#10 /var/www/UE/system/CodeIgniter.php(355): CodeIgniter\CodeIgniter->handleRequest()
#11 /var/www/UE/system/Boot.php(312): CodeIgniter\CodeIgniter->run()
#12 /var/www/UE/system/Boot.php(67): CodeIgniter\Boot::runCodeIgniter()
#13 /var/www/UE/public/index.php(56): CodeIgniter\Boot::bootWeb()
#14 {main}
INFO - 2024-05-14 15:04:09 --> Session: Class initialized using 'CodeIgniter\Session\Handlers\FileHandler' driver.
ERROR - 2024-05-14 15:04:43 --> mysqli_sql_exception: INY in /var/www/UE/system/Database/MySQLi/Connection.php:308
Stack trace:
#0 /var/www/UE/system/Database/MySQLi/Connection.php(308): mysqli->query()
#1 /var/www/UE/system/Database/BaseConnection.php(722): CodeIgniter\Database\MySQLi\Connection->execute()
#2 /var/www/UE/system/Database/BaseConnection.php(636): CodeIgniter\Database\BaseConnection->simpleQuery()
#3 /var/www/UE/system/Database/BaseBuilder.php(2325): CodeIgniter\Database\BaseConnection->query()
#4 /var/www/UE/system/Model.php(383): CodeIgniter\Database\BaseBuilder->insert()
#5 /var/www/UE/system/BaseModel.php(840): CodeIgniter\Model->doInsert()
#6 /var/www/UE/system/Model.php(791): CodeIgniter\BaseModel->insert()
#7 /var/www/UE/app/Controllers/Back.php(548): CodeIgniter\Model->insert()
#8 /var/www/UE/system/CodeIgniter.php(933): App\Controllers\Back->insert()
#9 /var/www/UE/system/CodeIgniter.php(509): CodeIgniter\CodeIgniter->runController()
#10 /var/www/UE/system/CodeIgniter.php(355): CodeIgniter\CodeIgniter->handleRequest()
#11 /var/www/UE/system/Boot.php(312): CodeIgniter\CodeIgniter->run()
#12 /var/www/UE/system/Boot.php(67): CodeIgniter\Boot::runCodeIgniter()
#13 /var/www/UE/public/index.php(56): CodeIgniter\Boot::bootWeb()
#14 {main}
ERROR - 2024-05-14 15:04:43 --> mysqli_sql_exception: INY in /var/www/UE/system/Database/MySQLi/Connection.php:308
Stack trace:
#0 /var/www/UE/system/Database/MySQLi/Connection.php(308): mysqli->query()
#1 /var/www/UE/system/Database/BaseConnection.php(722): CodeIgniter\Database\MySQLi\Connection->execute()
#2 /var/www/UE/system/Database/BaseConnection.php(636): CodeIgniter\Database\BaseConnection->simpleQuery()
#3 /var/www/UE/system/Database/BaseBuilder.php(2325): CodeIgniter\Database\BaseConnection->query()
#4 /var/www/UE/system/Model.php(383): CodeIgniter\Database\BaseBuilder->insert()
#5 /var/www/UE/system/BaseModel.php(840): CodeIgniter\Model->doInsert()
#6 /var/www/UE/system/Model.php(791): CodeIgniter\BaseModel->insert()
#7 /var/www/UE/app/Controllers/Back.php(554): CodeIgniter\Model->insert()
#8 /var/www/UE/system/CodeIgniter.php(933): App\Controllers\Back->insert()
#9 /var/www/UE/system/CodeIgniter.php(509): CodeIgniter\CodeIgniter->runController()
#10 /var/www/UE/system/CodeIgniter.php(355): CodeIgniter\CodeIgniter->handleRequest()
#11 /var/www/UE/system/Boot.php(312): CodeIgniter\CodeIgniter->run()
#12 /var/www/UE/system/Boot.php(67): CodeIgniter\Boot::runCodeIgniter()
#13 /var/www/UE/public/index.php(56): CodeIgniter\Boot::bootWeb()
#14 {main}
INFO - 2024-05-14 15:04:43 --> Session: Class initialized using 'CodeIgniter\Session\Handlers\FileHandler' driver.
INFO - 2024-05-14 15:04:51 --> Session: Class initialized using 'CodeIgniter\Session\Handlers\FileHandler' driver.
INFO - 2024-05-14 15:05:29 --> Session: Class initialized using 'CodeIgniter\Session\Handlers\FileHandler' driver.
ERROR - 2024-05-14 15:05:30 --> mysqli_sql_exception: INY in /var/www/UE/system/Database/MySQLi/Connection.php:308
Stack trace:
#0 /var/www/UE/system/Database/MySQLi/Connection.php(308): mysqli->query()
#1 /var/www/UE/system/Database/BaseConnection.php(722): CodeIgniter\Database\MySQLi\Connection->execute()
#2 /var/www/UE/system/Database/BaseConnection.php(636): CodeIgniter\Database\BaseConnection->simpleQuery()
#3 /var/www/UE/system/Database/BaseBuilder.php(2325): CodeIgniter\Database\BaseConnection->query()
#4 /var/www/UE/system/Model.php(383): CodeIgniter\Database\BaseBuilder->insert()
#5 /var/www/UE/system/BaseModel.php(840): CodeIgniter\Model->doInsert()
#6 /var/www/UE/system/Model.php(791): CodeIgniter\BaseModel->insert()
#7 /var/www/UE/app/Controllers/Back.php(548): CodeIgniter\Model->insert()
#8 /var/www/UE/system/CodeIgniter.php(933): App\Controllers\Back->insert()
#9 /var/www/UE/system/CodeIgniter.php(509): CodeIgniter\CodeIgniter->runController()
#10 /var/www/UE/system/CodeIgniter.php(355): CodeIgniter\CodeIgniter->handleRequest()
#11 /var/www/UE/system/Boot.php(312): CodeIgniter\CodeIgniter->run()
#12 /var/www/UE/system/Boot.php(67): CodeIgniter\Boot::runCodeIgniter()
#13 /var/www/UE/public/index.php(56): CodeIgniter\Boot::bootWeb()
#14 {main}
ERROR - 2024-05-14 15:05:30 --> mysqli_sql_exception: INY in /var/www/UE/system/Database/MySQLi/Connection.php:308
Stack trace:
#0 /var/www/UE/system/Database/MySQLi/Connection.php(308): mysqli->query()
#1 /var/www/UE/system/Database/BaseConnection.php(722): CodeIgniter\Database\MySQLi\Connection->execute()
#2 /var/www/UE/system/Database/BaseConnection.php(636): CodeIgniter\Database\BaseConnection->simpleQuery()
#3 /var/www/UE/system/Database/BaseBuilder.php(2325): CodeIgniter\Database\BaseConnection->query()
#4 /var/www/UE/system/Model.php(383): CodeIgniter\Database\BaseBuilder->insert()
#5 /var/www/UE/system/BaseModel.php(840): CodeIgniter\Model->doInsert()
#6 /var/www/UE/system/Model.php(791): CodeIgniter\BaseModel->insert()
#7 /var/www/UE/app/Controllers/Back.php(554): CodeIgniter\Model->insert()
#8 /var/www/UE/system/CodeIgniter.php(933): App\Controllers\Back->insert()
#9 /var/www/UE/system/CodeIgniter.php(509): CodeIgniter\CodeIgniter->runController()
#10 /var/www/UE/system/CodeIgniter.php(355): CodeIgniter\CodeIgniter->handleRequest()
#11 /var/www/UE/system/Boot.php(312): CodeIgniter\CodeIgniter->run()
#12 /var/www/UE/system/Boot.php(67): CodeIgniter\Boot::runCodeIgniter()
#13 /var/www/UE/public/index.php(56): CodeIgniter\Boot::bootWeb()
#14 {main}
INFO - 2024-05-14 15:05:31 --> Session: Class initialized using 'CodeIgniter\Session\Handlers\FileHandler' driver.
INFO - 2024-05-14 15:05:36 --> Session: Class initialized using 'CodeIgniter\Session\Handlers\FileHandler' driver.
INFO - 2024-05-14 15:05:38 --> Session: Class initialized using 'CodeIgniter\Session\Handlers\FileHandler' driver.
INFO - 2024-05-14 15:05:52 --> Session: Class initialized using 'CodeIgniter\Session\Handlers\FileHandler' driver.
INFO - 2024-05-14 15:06:00 --> Session: Class initialized using 'CodeIgniter\Session\Handlers\FileHandler' driver.
INFO - 2024-05-14 15:06:50 --> Session: Class initialized using 'CodeIgniter\Session\Handlers\FileHandler' driver.
ERROR - 2024-05-14 15:07:26 --> mysqli_sql_exception: INY in /var/www/UE/system/Database/MySQLi/Connection.php:308
Stack trace:
#0 /var/www/UE/system/Database/MySQLi/Connection.php(308): mysqli->query()
#1 /var/www/UE/system/Database/BaseConnection.php(722): CodeIgniter\Database\MySQLi\Connection->execute()
#2 /var/www/UE/system/Database/BaseConnection.php(636): CodeIgniter\Database\BaseConnection->simpleQuery()
#3 /var/www/UE/system/Database/BaseBuilder.php(2325): CodeIgniter\Database\BaseConnection->query()
#4 /var/www/UE/system/Model.php(383): CodeIgniter\Database\BaseBuilder->insert()
#5 /var/www/UE/system/BaseModel.php(840): CodeIgniter\Model->doInsert()
#6 /var/www/UE/system/Model.php(791): CodeIgniter\BaseModel->insert()
#7 /var/www/UE/app/Controllers/Back.php(548): CodeIgniter\Model->insert()
#8 /var/www/UE/system/CodeIgniter.php(933): App\Controllers\Back->insert()
#9 /var/www/UE/system/CodeIgniter.php(509): CodeIgniter\CodeIgniter->runController()
#10 /var/www/UE/system/CodeIgniter.php(355): CodeIgniter\CodeIgniter->handleRequest()
#11 /var/www/UE/system/Boot.php(312): CodeIgniter\CodeIgniter->run()
#12 /var/www/UE/system/Boot.php(67): CodeIgniter\Boot::runCodeIgniter()
#13 /var/www/UE/public/index.php(56): CodeIgniter\Boot::bootWeb()
#14 {main}
ERROR - 2024-05-14 15:07:26 --> mysqli_sql_exception: INY in /var/www/UE/system/Database/MySQLi/Connection.php:308
Stack trace:
#0 /var/www/UE/system/Database/MySQLi/Connection.php(308): mysqli->query()
#1 /var/www/UE/system/Database/BaseConnection.php(722): CodeIgniter\Database\MySQLi\Connection->execute()
#2 /var/www/UE/system/Database/BaseConnection.php(636): CodeIgniter\Database\BaseConnection->simpleQuery()
#3 /var/www/UE/system/Database/BaseBuilder.php(2325): CodeIgniter\Database\BaseConnection->query()
#4 /var/www/UE/system/Model.php(383): CodeIgniter\Database\BaseBuilder->insert()
#5 /var/www/UE/system/BaseModel.php(840): CodeIgniter\Model->doInsert()
#6 /var/www/UE/system/Model.php(791): CodeIgniter\BaseModel->insert()
#7 /var/www/UE/app/Controllers/Back.php(554): CodeIgniter\Model->insert()
#8 /var/www/UE/system/CodeIgniter.php(933): App\Controllers\Back->insert()
#9 /var/www/UE/system/CodeIgniter.php(509): CodeIgniter\CodeIgniter->runController()
#10 /var/www/UE/system/CodeIgniter.php(355): CodeIgniter\CodeIgniter->handleRequest()
#11 /var/www/UE/system/Boot.php(312): CodeIgniter\CodeIgniter->run()
#12 /var/www/UE/system/Boot.php(67): CodeIgniter\Boot::runCodeIgniter()
#13 /var/www/UE/public/index.php(56): CodeIgniter\Boot::bootWeb()
#14 {main}
ERROR - 2024-05-14 15:07:26 --> mysqli_sql_exception: Ce professeur n est plus libre en ce jour in /var/www/UE/system/Database/MySQLi/Connection.php:308
Stack trace:
#0 /var/www/UE/system/Database/MySQLi/Connection.php(308): mysqli->query()
#1 /var/www/UE/system/Database/BaseConnection.php(722): CodeIgniter\Database\MySQLi\Connection->execute()
#2 /var/www/UE/system/Database/BaseConnection.php(636): CodeIgniter\Database\BaseConnection->simpleQuery()
#3 /var/www/UE/system/Database/BaseBuilder.php(2325): CodeIgniter\Database\BaseConnection->query()
#4 /var/www/UE/system/Model.php(383): CodeIgniter\Database\BaseBuilder->insert()
#5 /var/www/UE/system/BaseModel.php(840): CodeIgniter\Model->doInsert()
#6 /var/www/UE/system/Model.php(791): CodeIgniter\BaseModel->insert()
#7 /var/www/UE/app/Controllers/Back.php(585): CodeIgniter\Model->insert()
#8 /var/www/UE/system/CodeIgniter.php(933): App\Controllers\Back->insert()
#9 /var/www/UE/system/CodeIgniter.php(509): CodeIgniter\CodeIgniter->runController()
#10 /var/www/UE/system/CodeIgniter.php(355): CodeIgniter\CodeIgniter->handleRequest()
#11 /var/www/UE/system/Boot.php(312): CodeIgniter\CodeIgniter->run()
#12 /var/www/UE/system/Boot.php(67): CodeIgniter\Boot::runCodeIgniter()
#13 /var/www/UE/public/index.php(56): CodeIgniter\Boot::bootWeb()
#14 {main}
INFO - 2024-05-14 15:07:26 --> Session: Class initialized using 'CodeIgniter\Session\Handlers\FileHandler' driver.
INFO - 2024-05-14 15:07:35 --> Session: Class initialized using 'CodeIgniter\Session\Handlers\FileHandler' driver.
INFO - 2024-05-14 15:07:37 --> Session: Class initialized using 'CodeIgniter\Session\Handlers\FileHandler' driver.
INFO - 2024-05-14 15:07:40 --> Session: Class initialized using 'CodeIgniter\Session\Handlers\FileHandler' driver.
INFO - 2024-05-14 15:07:41 --> Session: Class initialized using 'CodeIgniter\Session\Handlers\FileHandler' driver.
INFO - 2024-05-14 15:07:57 --> Session: Class initialized using 'CodeIgniter\Session\Handlers\FileHandler' driver.
ERROR - 2024-05-14 15:08:12 --> mysqli_sql_exception: INY in /var/www/UE/system/Database/MySQLi/Connection.php:308
Stack trace:
#0 /var/www/UE/system/Database/MySQLi/Connection.php(308): mysqli->query()
#1 /var/www/UE/system/Database/BaseConnection.php(722): CodeIgniter\Database\MySQLi\Connection->execute()
#2 /var/www/UE/system/Database/BaseConnection.php(636): CodeIgniter\Database\BaseConnection->simpleQuery()
#3 /var/www/UE/system/Database/BaseBuilder.php(2325): CodeIgniter\Database\BaseConnection->query()
#4 /var/www/UE/system/Model.php(383): CodeIgniter\Database\BaseBuilder->insert()
#5 /var/www/UE/system/BaseModel.php(840): CodeIgniter\Model->doInsert()
#6 /var/www/UE/system/Model.php(791): CodeIgniter\BaseModel->insert()
#7 /var/www/UE/app/Controllers/Back.php(548): CodeIgniter\Model->insert()
#8 /var/www/UE/system/CodeIgniter.php(933): App\Controllers\Back->insert()
#9 /var/www/UE/system/CodeIgniter.php(509): CodeIgniter\CodeIgniter->runController()
#10 /var/www/UE/system/CodeIgniter.php(355): CodeIgniter\CodeIgniter->handleRequest()
#11 /var/www/UE/system/Boot.php(312): CodeIgniter\CodeIgniter->run()
#12 /var/www/UE/system/Boot.php(67): CodeIgniter\Boot::runCodeIgniter()
#13 /var/www/UE/public/index.php(56): CodeIgniter\Boot::bootWeb()
#14 {main}
ERROR - 2024-05-14 15:08:12 --> mysqli_sql_exception: INY in /var/www/UE/system/Database/MySQLi/Connection.php:308
Stack trace:
#0 /var/www/UE/system/Database/MySQLi/Connection.php(308): mysqli->query()
#1 /var/www/UE/system/Database/BaseConnection.php(722): CodeIgniter\Database\MySQLi\Connection->execute()
#2 /var/www/UE/system/Database/BaseConnection.php(636): CodeIgniter\Database\BaseConnection->simpleQuery()
#3 /var/www/UE/system/Database/BaseBuilder.php(2325): CodeIgniter\Database\BaseConnection->query()
#4 /var/www/UE/system/Model.php(383): CodeIgniter\Database\BaseBuilder->insert()
#5 /var/www/UE/system/BaseModel.php(840): CodeIgniter\Model->doInsert()
#6 /var/www/UE/system/Model.php(791): CodeIgniter\BaseModel->insert()
#7 /var/www/UE/app/Controllers/Back.php(554): CodeIgniter\Model->insert()
#8 /var/www/UE/system/CodeIgniter.php(933): App\Controllers\Back->insert()
#9 /var/www/UE/system/CodeIgniter.php(509): CodeIgniter\CodeIgniter->runController()
#10 /var/www/UE/system/CodeIgniter.php(355): CodeIgniter\CodeIgniter->handleRequest()
#11 /var/www/UE/system/Boot.php(312): CodeIgniter\CodeIgniter->run()
#12 /var/www/UE/system/Boot.php(67): CodeIgniter\Boot::runCodeIgniter()
#13 /var/www/UE/public/index.php(56): CodeIgniter\Boot::bootWeb()
#14 {main}
ERROR - 2024-05-14 15:08:12 --> mysqli_sql_exception: Vous ne pouvez plus ajouter de UE. On atteint 30 credits pour ce semestre. in /var/www/UE/system/Database/MySQLi/Connection.php:308
Stack trace:
#0 /var/www/UE/system/Database/MySQLi/Connection.php(308): mysqli->query()
#1 /var/www/UE/system/Database/BaseConnection.php(722): CodeIgniter\Database\MySQLi\Connection->execute()
#2 /var/www/UE/system/Database/BaseConnection.php(636): CodeIgniter\Database\BaseConnection->simpleQuery()
#3 /var/www/UE/system/Database/BaseBuilder.php(2325): CodeIgniter\Database\BaseConnection->query()
#4 /var/www/UE/system/Model.php(383): CodeIgniter\Database\BaseBuilder->insert()
#5 /var/www/UE/system/BaseModel.php(840): CodeIgniter\Model->doInsert()
#6 /var/www/UE/system/Model.php(791): CodeIgniter\BaseModel->insert()
#7 /var/www/UE/app/Controllers/Back.php(585): CodeIgniter\Model->insert()
#8 /var/www/UE/system/CodeIgniter.php(933): App\Controllers\Back->insert()
#9 /var/www/UE/system/CodeIgniter.php(509): CodeIgniter\CodeIgniter->runController()
#10 /var/www/UE/system/CodeIgniter.php(355): CodeIgniter\CodeIgniter->handleRequest()
#11 /var/www/UE/system/Boot.php(312): CodeIgniter\CodeIgniter->run()
#12 /var/www/UE/system/Boot.php(67): CodeIgniter\Boot::runCodeIgniter()
#13 /var/www/UE/public/index.php(56): CodeIgniter\Boot::bootWeb()
#14 {main}
INFO - 2024-05-14 15:08:12 --> Session: Class initialized using 'CodeIgniter\Session\Handlers\FileHandler' driver.
INFO - 2024-05-14 15:08:19 --> Session: Class initialized using 'CodeIgniter\Session\Handlers\FileHandler' driver.
INFO - 2024-05-14 15:08:38 --> Session: Class initialized using 'CodeIgniter\Session\Handlers\FileHandler' driver.
INFO - 2024-05-14 15:08:53 --> Session: Class initialized using 'CodeIgniter\Session\Handlers\FileHandler' driver.
INFO - 2024-05-14 15:08:55 --> Session: Class initialized using 'CodeIgniter\Session\Handlers\FileHandler' driver.
INFO - 2024-05-14 15:09:04 --> Session: Class initialized using 'CodeIgniter\Session\Handlers\FileHandler' driver.
INFO - 2024-05-14 15:09:27 --> Session: Class initialized using 'CodeIgniter\Session\Handlers\FileHandler' driver.
INFO - 2024-05-14 15:09:28 --> Session: Class initialized using 'CodeIgniter\Session\Handlers\FileHandler' driver.
INFO - 2024-05-14 15:09:33 --> Session: Class initialized using 'CodeIgniter\Session\Handlers\FileHandler' driver.
INFO - 2024-05-14 15:09:46 --> Session: Class initialized using 'CodeIgniter\Session\Handlers\FileHandler' driver.
INFO - 2024-05-14 15:10:43 --> Session: Class initialized using 'CodeIgniter\Session\Handlers\FileHandler' driver.
INFO - 2024-05-14 15:14:44 --> Session: Class initialized using 'CodeIgniter\Session\Handlers\FileHandler' driver.
INFO - 2024-05-14 15:15:00 --> Session: Class initialized using 'CodeIgniter\Session\Handlers\FileHandler' driver.
INFO - 2024-05-14 15:15:04 --> Session: Class initialized using 'CodeIgniter\Session\Handlers\FileHandler' driver.
INFO - 2024-05-14 15:15:06 --> Session: Class initialized using 'CodeIgniter\Session\Handlers\FileHandler' driver.
INFO - 2024-05-14 15:15:16 --> Session: Class initialized using 'CodeIgniter\Session\Handlers\FileHandler' driver.
INFO - 2024-05-14 15:16:08 --> Session: Class initialized using 'CodeIgniter\Session\Handlers\FileHandler' driver.
INFO - 2024-05-14 15:16:09 --> Session: Class initialized using 'CodeIgniter\Session\Handlers\FileHandler' driver.
INFO - 2024-05-14 15:16:25 --> Session: Class initialized using 'CodeIgniter\Session\Handlers\FileHandler' driver.
INFO - 2024-05-14 15:16:29 --> Session: Class initialized using 'CodeIgniter\Session\Handlers\FileHandler' driver.
INFO - 2024-05-14 15:16:31 --> Session: Class initialized using 'CodeIgniter\Session\Handlers\FileHandler' driver.
INFO - 2024-05-14 15:16:34 --> Session: Class initialized using 'CodeIgniter\Session\Handlers\FileHandler' driver.
ERROR - 2024-05-14 15:17:14 --> mysqli_sql_exception: Vous ne pouvez plus ajouter de UE. On atteint 30 credits pour ce semestre. in /var/www/UE/system/Database/MySQLi/Connection.php:308
Stack trace:
#0 /var/www/UE/system/Database/MySQLi/Connection.php(308): mysqli->query()
#1 /var/www/UE/system/Database/BaseConnection.php(722): CodeIgniter\Database\MySQLi\Connection->execute()
#2 /var/www/UE/system/Database/BaseConnection.php(636): CodeIgniter\Database\BaseConnection->simpleQuery()
#3 /var/www/UE/system/Database/BaseBuilder.php(2325): CodeIgniter\Database\BaseConnection->query()
#4 /var/www/UE/system/Model.php(383): CodeIgniter\Database\BaseBuilder->insert()
#5 /var/www/UE/system/BaseModel.php(840): CodeIgniter\Model->doInsert()
#6 /var/www/UE/system/Model.php(791): CodeIgniter\BaseModel->insert()
#7 /var/www/UE/app/Controllers/Back.php(585): CodeIgniter\Model->insert()
#8 /var/www/UE/system/CodeIgniter.php(933): App\Controllers\Back->insert()
#9 /var/www/UE/system/CodeIgniter.php(509): CodeIgniter\CodeIgniter->runController()
#10 /var/www/UE/system/CodeIgniter.php(355): CodeIgniter\CodeIgniter->handleRequest()
#11 /var/www/UE/system/Boot.php(312): CodeIgniter\CodeIgniter->run()
#12 /var/www/UE/system/Boot.php(67): CodeIgniter\Boot::runCodeIgniter()
#13 /var/www/UE/public/index.php(56): CodeIgniter\Boot::bootWeb()
#14 {main}
INFO - 2024-05-14 15:17:14 --> Session: Class initialized using 'CodeIgniter\Session\Handlers\FileHandler' driver.
INFO - 2024-05-14 15:17:16 --> Session: Class initialized using 'CodeIgniter\Session\Handlers\FileHandler' driver.
ERROR - 2024-05-14 15:17:46 --> mysqli_sql_exception: INY in /var/www/UE/system/Database/MySQLi/Connection.php:308
Stack trace:
#0 /var/www/UE/system/Database/MySQLi/Connection.php(308): mysqli->query()
#1 /var/www/UE/system/Database/BaseConnection.php(722): CodeIgniter\Database\MySQLi\Connection->execute()
#2 /var/www/UE/system/Database/BaseConnection.php(636): CodeIgniter\Database\BaseConnection->simpleQuery()
#3 /var/www/UE/system/Database/BaseBuilder.php(2325): CodeIgniter\Database\BaseConnection->query()
#4 /var/www/UE/system/Model.php(383): CodeIgniter\Database\BaseBuilder->insert()
#5 /var/www/UE/system/BaseModel.php(840): CodeIgniter\Model->doInsert()
#6 /var/www/UE/system/Model.php(791): CodeIgniter\BaseModel->insert()
#7 /var/www/UE/app/Controllers/Back.php(548): CodeIgniter\Model->insert()
#8 /var/www/UE/system/CodeIgniter.php(933): App\Controllers\Back->insert()
#9 /var/www/UE/system/CodeIgniter.php(509): CodeIgniter\CodeIgniter->runController()
#10 /var/www/UE/system/CodeIgniter.php(355): CodeIgniter\CodeIgniter->handleRequest()
#11 /var/www/UE/system/Boot.php(312): CodeIgniter\CodeIgniter->run()
#12 /var/www/UE/system/Boot.php(67): CodeIgniter\Boot::runCodeIgniter()
#13 /var/www/UE/public/index.php(56): CodeIgniter\Boot::bootWeb()
#14 {main}
ERROR - 2024-05-14 15:17:46 --> mysqli_sql_exception: INY in /var/www/UE/system/Database/MySQLi/Connection.php:308
Stack trace:
#0 /var/www/UE/system/Database/MySQLi/Connection.php(308): mysqli->query()
#1 /var/www/UE/system/Database/BaseConnection.php(722): CodeIgniter\Database\MySQLi\Connection->execute()
#2 /var/www/UE/system/Database/BaseConnection.php(636): CodeIgniter\Database\BaseConnection->simpleQuery()
#3 /var/www/UE/system/Database/BaseBuilder.php(2325): CodeIgniter\Database\BaseConnection->query()
#4 /var/www/UE/system/Model.php(383): CodeIgniter\Database\BaseBuilder->insert()
#5 /var/www/UE/system/BaseModel.php(840): CodeIgniter\Model->doInsert()
#6 /var/www/UE/system/Model.php(791): CodeIgniter\BaseModel->insert()
#7 /var/www/UE/app/Controllers/Back.php(554): CodeIgniter\Model->insert()
#8 /var/www/UE/system/CodeIgniter.php(933): App\Controllers\Back->insert()
#9 /var/www/UE/system/CodeIgniter.php(509): CodeIgniter\CodeIgniter->runController()
#10 /var/www/UE/system/CodeIgniter.php(355): CodeIgniter\CodeIgniter->handleRequest()
#11 /var/www/UE/system/Boot.php(312): CodeIgniter\CodeIgniter->run()
#12 /var/www/UE/system/Boot.php(67): CodeIgniter\Boot::runCodeIgniter()
#13 /var/www/UE/public/index.php(56): CodeIgniter\Boot::bootWeb()
#14 {main}
ERROR - 2024-05-14 15:17:46 --> mysqli_sql_exception: Vous ne pouvez plus ajouter de UE. On atteint 30 credits pour ce semestre. in /var/www/UE/system/Database/MySQLi/Connection.php:308
Stack trace:
#0 /var/www/UE/system/Database/MySQLi/Connection.php(308): mysqli->query()
#1 /var/www/UE/system/Database/BaseConnection.php(722): CodeIgniter\Database\MySQLi\Connection->execute()
#2 /var/www/UE/system/Database/BaseConnection.php(636): CodeIgniter\Database\BaseConnection->simpleQuery()
#3 /var/www/UE/system/Database/BaseBuilder.php(2325): CodeIgniter\Database\BaseConnection->query()
#4 /var/www/UE/system/Model.php(383): CodeIgniter\Database\BaseBuilder->insert()
#5 /var/www/UE/system/BaseModel.php(840): CodeIgniter\Model->doInsert()
#6 /var/www/UE/system/Model.php(791): CodeIgniter\BaseModel->insert()
#7 /var/www/UE/app/Controllers/Back.php(585): CodeIgniter\Model->insert()
#8 /var/www/UE/system/CodeIgniter.php(933): App\Controllers\Back->insert()
#9 /var/www/UE/system/CodeIgniter.php(509): CodeIgniter\CodeIgniter->runController()
#10 /var/www/UE/system/CodeIgniter.php(355): CodeIgniter\CodeIgniter->handleRequest()
#11 /var/www/UE/system/Boot.php(312): CodeIgniter\CodeIgniter->run()
#12 /var/www/UE/system/Boot.php(67): CodeIgniter\Boot::runCodeIgniter()
#13 /var/www/UE/public/index.php(56): CodeIgniter\Boot::bootWeb()
#14 {main}
INFO - 2024-05-14 15:17:46 --> Session: Class initialized using 'CodeIgniter\Session\Handlers\FileHandler' driver.
ERROR - 2024-05-14 15:18:10 --> mysqli_sql_exception: INY in /var/www/UE/system/Database/MySQLi/Connection.php:308
Stack trace:
#0 /var/www/UE/system/Database/MySQLi/Connection.php(308): mysqli->query()
#1 /var/www/UE/system/Database/BaseConnection.php(722): CodeIgniter\Database\MySQLi\Connection->execute()
#2 /var/www/UE/system/Database/BaseConnection.php(636): CodeIgniter\Database\BaseConnection->simpleQuery()
#3 /var/www/UE/system/Database/BaseBuilder.php(2325): CodeIgniter\Database\BaseConnection->query()
#4 /var/www/UE/system/Model.php(383): CodeIgniter\Database\BaseBuilder->insert()
#5 /var/www/UE/system/BaseModel.php(840): CodeIgniter\Model->doInsert()
#6 /var/www/UE/system/Model.php(791): CodeIgniter\BaseModel->insert()
#7 /var/www/UE/app/Controllers/Back.php(548): CodeIgniter\Model->insert()
#8 /var/www/UE/system/CodeIgniter.php(933): App\Controllers\Back->insert()
#9 /var/www/UE/system/CodeIgniter.php(509): CodeIgniter\CodeIgniter->runController()
#10 /var/www/UE/system/CodeIgniter.php(355): CodeIgniter\CodeIgniter->handleRequest()
#11 /var/www/UE/system/Boot.php(312): CodeIgniter\CodeIgniter->run()
#12 /var/www/UE/system/Boot.php(67): CodeIgniter\Boot::runCodeIgniter()
#13 /var/www/UE/public/index.php(56): CodeIgniter\Boot::bootWeb()
#14 {main}
ERROR - 2024-05-14 15:18:10 --> mysqli_sql_exception: INY in /var/www/UE/system/Database/MySQLi/Connection.php:308
Stack trace:
#0 /var/www/UE/system/Database/MySQLi/Connection.php(308): mysqli->query()
#1 /var/www/UE/system/Database/BaseConnection.php(722): CodeIgniter\Database\MySQLi\Connection->execute()
#2 /var/www/UE/system/Database/BaseConnection.php(636): CodeIgniter\Database\BaseConnection->simpleQuery()
#3 /var/www/UE/system/Database/BaseBuilder.php(2325): CodeIgniter\Database\BaseConnection->query()
#4 /var/www/UE/system/Model.php(383): CodeIgniter\Database\BaseBuilder->insert()
#5 /var/www/UE/system/BaseModel.php(840): CodeIgniter\Model->doInsert()
#6 /var/www/UE/system/Model.php(791): CodeIgniter\BaseModel->insert()
#7 /var/www/UE/app/Controllers/Back.php(554): CodeIgniter\Model->insert()
#8 /var/www/UE/system/CodeIgniter.php(933): App\Controllers\Back->insert()
#9 /var/www/UE/system/CodeIgniter.php(509): CodeIgniter\CodeIgniter->runController()
#10 /var/www/UE/system/CodeIgniter.php(355): CodeIgniter\CodeIgniter->handleRequest()
#11 /var/www/UE/system/Boot.php(312): CodeIgniter\CodeIgniter->run()
#12 /var/www/UE/system/Boot.php(67): CodeIgniter\Boot::runCodeIgniter()
#13 /var/www/UE/public/index.php(56): CodeIgniter\Boot::bootWeb()
#14 {main}
ERROR - 2024-05-14 15:18:10 --> mysqli_sql_exception: Vous ne pouvez plus ajouter de UE. On atteint 30 credits pour ce semestre. in /var/www/UE/system/Database/MySQLi/Connection.php:308
Stack trace:
#0 /var/www/UE/system/Database/MySQLi/Connection.php(308): mysqli->query()
#1 /var/www/UE/system/Database/BaseConnection.php(722): CodeIgniter\Database\MySQLi\Connection->execute()
#2 /var/www/UE/system/Database/BaseConnection.php(636): CodeIgniter\Database\BaseConnection->simpleQuery()
#3 /var/www/UE/system/Database/BaseBuilder.php(2325): CodeIgniter\Database\BaseConnection->query()
#4 /var/www/UE/system/Model.php(383): CodeIgniter\Database\BaseBuilder->insert()
#5 /var/www/UE/system/BaseModel.php(840): CodeIgniter\Model->doInsert()
#6 /var/www/UE/system/Model.php(791): CodeIgniter\BaseModel->insert()
#7 /var/www/UE/app/Controllers/Back.php(585): CodeIgniter\Model->insert()
#8 /var/www/UE/system/CodeIgniter.php(933): App\Controllers\Back->insert()
#9 /var/www/UE/system/CodeIgniter.php(509): CodeIgniter\CodeIgniter->runController()
#10 /var/www/UE/system/CodeIgniter.php(355): CodeIgniter\CodeIgniter->handleRequest()
#11 /var/www/UE/system/Boot.php(312): CodeIgniter\CodeIgniter->run()
#12 /var/www/UE/system/Boot.php(67): CodeIgniter\Boot::runCodeIgniter()
#13 /var/www/UE/public/index.php(56): CodeIgniter\Boot::bootWeb()
#14 {main}
INFO - 2024-05-14 15:18:10 --> Session: Class initialized using 'CodeIgniter\Session\Handlers\FileHandler' driver.
INFO - 2024-05-14 15:18:26 --> Session: Class initialized using 'CodeIgniter\Session\Handlers\FileHandler' driver.
INFO - 2024-05-14 15:18:28 --> Session: Class initialized using 'CodeIgniter\Session\Handlers\FileHandler' driver.
ERROR - 2024-05-14 15:18:41 --> mysqli_sql_exception: INY in /var/www/UE/system/Database/MySQLi/Connection.php:308
Stack trace:
#0 /var/www/UE/system/Database/MySQLi/Connection.php(308): mysqli->query()
#1 /var/www/UE/system/Database/BaseConnection.php(722): CodeIgniter\Database\MySQLi\Connection->execute()
#2 /var/www/UE/system/Database/BaseConnection.php(636): CodeIgniter\Database\BaseConnection->simpleQuery()
#3 /var/www/UE/system/Database/BaseBuilder.php(2325): CodeIgniter\Database\BaseConnection->query()
#4 /var/www/UE/system/Model.php(383): CodeIgniter\Database\BaseBuilder->insert()
#5 /var/www/UE/system/BaseModel.php(840): CodeIgniter\Model->doInsert()
#6 /var/www/UE/system/Model.php(791): CodeIgniter\BaseModel->insert()
#7 /var/www/UE/app/Controllers/Back.php(548): CodeIgniter\Model->insert()
#8 /var/www/UE/system/CodeIgniter.php(933): App\Controllers\Back->insert()
#9 /var/www/UE/system/CodeIgniter.php(509): CodeIgniter\CodeIgniter->runController()
#10 /var/www/UE/system/CodeIgniter.php(355): CodeIgniter\CodeIgniter->handleRequest()
#11 /var/www/UE/system/Boot.php(312): CodeIgniter\CodeIgniter->run()
#12 /var/www/UE/system/Boot.php(67): CodeIgniter\Boot::runCodeIgniter()
#13 /var/www/UE/public/index.php(56): CodeIgniter\Boot::bootWeb()
#14 {main}
ERROR - 2024-05-14 15:18:41 --> mysqli_sql_exception: INY in /var/www/UE/system/Database/MySQLi/Connection.php:308
Stack trace:
#0 /var/www/UE/system/Database/MySQLi/Connection.php(308): mysqli->query()
#1 /var/www/UE/system/Database/BaseConnection.php(722): CodeIgniter\Database\MySQLi\Connection->execute()
#2 /var/www/UE/system/Database/BaseConnection.php(636): CodeIgniter\Database\BaseConnection->simpleQuery()
#3 /var/www/UE/system/Database/BaseBuilder.php(2325): CodeIgniter\Database\BaseConnection->query()
#4 /var/www/UE/system/Model.php(383): CodeIgniter\Database\BaseBuilder->insert()
#5 /var/www/UE/system/BaseModel.php(840): CodeIgniter\Model->doInsert()
#6 /var/www/UE/system/Model.php(791): CodeIgniter\BaseModel->insert()
#7 /var/www/UE/app/Controllers/Back.php(554): CodeIgniter\Model->insert()
#8 /var/www/UE/system/CodeIgniter.php(933): App\Controllers\Back->insert()
#9 /var/www/UE/system/CodeIgniter.php(509): CodeIgniter\CodeIgniter->runController()
#10 /var/www/UE/system/CodeIgniter.php(355): CodeIgniter\CodeIgniter->handleRequest()
#11 /var/www/UE/system/Boot.php(312): CodeIgniter\CodeIgniter->run()
#12 /var/www/UE/system/Boot.php(67): CodeIgniter\Boot::runCodeIgniter()
#13 /var/www/UE/public/index.php(56): CodeIgniter\Boot::bootWeb()
#14 {main}
INFO - 2024-05-14 15:18:41 --> Session: Class initialized using 'CodeIgniter\Session\Handlers\FileHandler' driver.
ERROR - 2024-05-14 15:19:16 --> mysqli_sql_exception: INY in /var/www/UE/system/Database/MySQLi/Connection.php:308
Stack trace:
#0 /var/www/UE/system/Database/MySQLi/Connection.php(308): mysqli->query()
#1 /var/www/UE/system/Database/BaseConnection.php(722): CodeIgniter\Database\MySQLi\Connection->execute()
#2 /var/www/UE/system/Database/BaseConnection.php(636): CodeIgniter\Database\BaseConnection->simpleQuery()
#3 /var/www/UE/system/Database/BaseBuilder.php(2325): CodeIgniter\Database\BaseConnection->query()
#4 /var/www/UE/system/Model.php(383): CodeIgniter\Database\BaseBuilder->insert()
#5 /var/www/UE/system/BaseModel.php(840): CodeIgniter\Model->doInsert()
#6 /var/www/UE/system/Model.php(791): CodeIgniter\BaseModel->insert()
#7 /var/www/UE/app/Controllers/Back.php(548): CodeIgniter\Model->insert()
#8 /var/www/UE/system/CodeIgniter.php(933): App\Controllers\Back->insert()
#9 /var/www/UE/system/CodeIgniter.php(509): CodeIgniter\CodeIgniter->runController()
#10 /var/www/UE/system/CodeIgniter.php(355): CodeIgniter\CodeIgniter->handleRequest()
#11 /var/www/UE/system/Boot.php(312): CodeIgniter\CodeIgniter->run()
#12 /var/www/UE/system/Boot.php(67): CodeIgniter\Boot::runCodeIgniter()
#13 /var/www/UE/public/index.php(56): CodeIgniter\Boot::bootWeb()
#14 {main}
ERROR - 2024-05-14 15:19:16 --> mysqli_sql_exception: INY in /var/www/UE/system/Database/MySQLi/Connection.php:308
Stack trace:
#0 /var/www/UE/system/Database/MySQLi/Connection.php(308): mysqli->query()
#1 /var/www/UE/system/Database/BaseConnection.php(722): CodeIgniter\Database\MySQLi\Connection->execute()
#2 /var/www/UE/system/Database/BaseConnection.php(636): CodeIgniter\Database\BaseConnection->simpleQuery()
#3 /var/www/UE/system/Database/BaseBuilder.php(2325): CodeIgniter\Database\BaseConnection->query()
#4 /var/www/UE/system/Model.php(383): CodeIgniter\Database\BaseBuilder->insert()
#5 /var/www/UE/system/BaseModel.php(840): CodeIgniter\Model->doInsert()
#6 /var/www/UE/system/Model.php(791): CodeIgniter\BaseModel->insert()
#7 /var/www/UE/app/Controllers/Back.php(554): CodeIgniter\Model->insert()
#8 /var/www/UE/system/CodeIgniter.php(933): App\Controllers\Back->insert()
#9 /var/www/UE/system/CodeIgniter.php(509): CodeIgniter\CodeIgniter->runController()
#10 /var/www/UE/system/CodeIgniter.php(355): CodeIgniter\CodeIgniter->handleRequest()
#11 /var/www/UE/system/Boot.php(312): CodeIgniter\CodeIgniter->run()
#12 /var/www/UE/system/Boot.php(67): CodeIgniter\Boot::runCodeIgniter()
#13 /var/www/UE/public/index.php(56): CodeIgniter\Boot::bootWeb()
#14 {main}
ERROR - 2024-05-14 15:19:16 --> mysqli_sql_exception: Heure doit depasser de 1h de difference in /var/www/UE/system/Database/MySQLi/Connection.php:308
Stack trace:
#0 /var/www/UE/system/Database/MySQLi/Connection.php(308): mysqli->query()
#1 /var/www/UE/system/Database/BaseConnection.php(722): CodeIgniter\Database\MySQLi\Connection->execute()
#2 /var/www/UE/system/Database/BaseConnection.php(636): CodeIgniter\Database\BaseConnection->simpleQuery()
#3 /var/www/UE/system/Database/BaseBuilder.php(2325): CodeIgniter\Database\BaseConnection->query()
#4 /var/www/UE/system/Model.php(383): CodeIgniter\Database\BaseBuilder->insert()
#5 /var/www/UE/system/BaseModel.php(840): CodeIgniter\Model->doInsert()
#6 /var/www/UE/system/Model.php(791): CodeIgniter\BaseModel->insert()
#7 /var/www/UE/app/Controllers/Back.php(585): CodeIgniter\Model->insert()
#8 /var/www/UE/system/CodeIgniter.php(933): App\Controllers\Back->insert()
#9 /var/www/UE/system/CodeIgniter.php(509): CodeIgniter\CodeIgniter->runController()
#10 /var/www/UE/system/CodeIgniter.php(355): CodeIgniter\CodeIgniter->handleRequest()
#11 /var/www/UE/system/Boot.php(312): CodeIgniter\CodeIgniter->run()
#12 /var/www/UE/system/Boot.php(67): CodeIgniter\Boot::runCodeIgniter()
#13 /var/www/UE/public/index.php(56): CodeIgniter\Boot::bootWeb()
#14 {main}
INFO - 2024-05-14 15:19:16 --> Session: Class initialized using 'CodeIgniter\Session\Handlers\FileHandler' driver.
INFO - 2024-05-14 15:21:53 --> Session: Class initialized using 'CodeIgniter\Session\Handlers\FileHandler' driver.
INFO - 2024-05-14 15:22:13 --> Session: Class initialized using 'CodeIgniter\Session\Handlers\FileHandler' driver.
